{"/Users/sathishmahamuni/ClaudeWorkspace/ai-dev-certification-exercises/Dev-Pulse/src/middleware.ts": {"path":"/Users/sathishmahamuni/ClaudeWorkspace/ai-dev-certification-exercises/Dev-Pulse/src/middleware.ts","all":false,"statementMap":{"0":{"start":{"line":1,"column":0},"end":{"line":1,"column":43}},"4":{"start":{"line":5,"column":0},"end":{"line":5,"column":52}},"6":{"start":{"line":7,"column":0},"end":{"line":7,"column":50}},"8":{"start":{"line":9,"column":0},"end":{"line":9,"column":46}},"9":{"start":{"line":10,"column":0},"end":{"line":10,"column":35}},"11":{"start":{"line":12,"column":0},"end":{"line":12,"column":15}},"12":{"start":{"line":13,"column":0},"end":{"line":13,"column":47}},"13":{"start":{"line":14,"column":0},"end":{"line":14,"column":68}},"16":{"start":{"line":17,"column":0},"end":{"line":17,"column":33}},"17":{"start":{"line":18,"column":0},"end":{"line":18,"column":16}},"18":{"start":{"line":19,"column":0},"end":{"line":19,"column":67}},"19":{"start":{"line":20,"column":0},"end":{"line":20,"column":5}},"20":{"start":{"line":21,"column":0},"end":{"line":21,"column":31}},"21":{"start":{"line":22,"column":0},"end":{"line":22,"column":3}},"24":{"start":{"line":25,"column":0},"end":{"line":25,"column":75}},"25":{"start":{"line":26,"column":0},"end":{"line":26,"column":30}},"26":{"start":{"line":27,"column":0},"end":{"line":27,"column":48}},"27":{"start":{"line":28,"column":0},"end":{"line":28,"column":48}},"28":{"start":{"line":29,"column":0},"end":{"line":29,"column":43}},"29":{"start":{"line":30,"column":0},"end":{"line":30,"column":3}},"31":{"start":{"line":32,"column":0},"end":{"line":32,"column":29}},"32":{"start":{"line":33,"column":0},"end":{"line":33,"column":1}},"34":{"start":{"line":35,"column":0},"end":{"line":35,"column":23}},"35":{"start":{"line":36,"column":0},"end":{"line":36,"column":73}},"36":{"start":{"line":37,"column":0},"end":{"line":37,"column":2}}},"s":{"0":1,"4":1,"6":1,"8":1,"9":11,"11":11,"12":11,"13":9,"16":11,"17":5,"18":3,"19":3,"20":2,"21":2,"24":6,"25":11,"26":2,"27":2,"28":2,"29":2,"31":4,"32":4,"34":1,"35":1,"36":1},"branchMap":{"0":{"type":"branch","line":9,"loc":{"start":{"line":9,"column":7},"end":{"line":33,"column":1}},"locations":[{"start":{"line":9,"column":7},"end":{"line":33,"column":1}}]},"1":{"type":"branch","line":13,"loc":{"start":{"line":13,"column":36},"end":{"line":13,"column":47}},"locations":[{"start":{"line":13,"column":36},"end":{"line":13,"column":47}}]},"2":{"type":"branch","line":13,"loc":{"start":{"line":13,"column":39},"end":{"line":14,"column":68}},"locations":[{"start":{"line":13,"column":39},"end":{"line":14,"column":68}}]},"3":{"type":"branch","line":14,"loc":{"start":{"line":14,"column":35},"end":{"line":14,"column":46}},"locations":[{"start":{"line":14,"column":35},"end":{"line":14,"column":46}}]},"4":{"type":"branch","line":17,"loc":{"start":{"line":17,"column":32},"end":{"line":22,"column":3}},"locations":[{"start":{"line":17,"column":32},"end":{"line":22,"column":3}}]},"5":{"type":"branch","line":18,"loc":{"start":{"line":18,"column":15},"end":{"line":20,"column":5}},"locations":[{"start":{"line":18,"column":15},"end":{"line":20,"column":5}}]},"6":{"type":"branch","line":20,"loc":{"start":{"line":20,"column":4},"end":{"line":22,"column":3}},"locations":[{"start":{"line":20,"column":4},"end":{"line":22,"column":3}}]},"7":{"type":"branch","line":22,"loc":{"start":{"line":22,"column":2},"end":{"line":26,"column":21}},"locations":[{"start":{"line":22,"column":2},"end":{"line":26,"column":21}}]},"8":{"type":"branch","line":26,"loc":{"start":{"line":26,"column":6},"end":{"line":26,"column":29}},"locations":[{"start":{"line":26,"column":6},"end":{"line":26,"column":29}}]},"9":{"type":"branch","line":26,"loc":{"start":{"line":26,"column":29},"end":{"line":30,"column":3}},"locations":[{"start":{"line":26,"column":29},"end":{"line":30,"column":3}}]},"10":{"type":"branch","line":30,"loc":{"start":{"line":30,"column":2},"end":{"line":33,"column":1}},"locations":[{"start":{"line":30,"column":2},"end":{"line":33,"column":1}}]},"11":{"type":"branch","line":25,"loc":{"start":{"line":25,"column":44},"end":{"line":25,"column":73}},"locations":[{"start":{"line":25,"column":44},"end":{"line":25,"column":73}}]}},"b":{"0":[11],"1":[2],"2":[9],"3":[3],"4":[5],"5":[3],"6":[2],"7":[6],"8":[4],"9":[2],"10":[4],"11":[10]},"fnMap":{"0":{"name":"middleware","decl":{"start":{"line":9,"column":7},"end":{"line":33,"column":1}},"loc":{"start":{"line":9,"column":7},"end":{"line":33,"column":1}},"line":9}},"f":{"0":11}}
,"/Users/sathishmahamuni/ClaudeWorkspace/ai-dev-certification-exercises/Dev-Pulse/src/app/api/auth/login/route.ts": {"path":"/Users/sathishmahamuni/ClaudeWorkspace/ai-dev-certification-exercises/Dev-Pulse/src/app/api/auth/login/route.ts","all":false,"statementMap":{"0":{"start":{"line":1,"column":0},"end":{"line":1,"column":30}},"6":{"start":{"line":7,"column":0},"end":{"line":7,"column":56}},"8":{"start":{"line":9,"column":0},"end":{"line":9,"column":61}},"9":{"start":{"line":10,"column":0},"end":{"line":10,"column":52}},"10":{"start":{"line":11,"column":0},"end":{"line":11,"column":21}},"11":{"start":{"line":12,"column":0},"end":{"line":12,"column":12}},"12":{"start":{"line":13,"column":0},"end":{"line":13,"column":7}},"13":{"start":{"line":14,"column":0},"end":{"line":14,"column":10}},"14":{"start":{"line":15,"column":0},"end":{"line":15,"column":4}},"15":{"start":{"line":16,"column":0},"end":{"line":16,"column":17}},"16":{"start":{"line":17,"column":0},"end":{"line":17,"column":25}},"17":{"start":{"line":18,"column":0},"end":{"line":18,"column":37}},"18":{"start":{"line":19,"column":0},"end":{"line":19,"column":72}},"19":{"start":{"line":20,"column":0},"end":{"line":20,"column":6}},"20":{"start":{"line":21,"column":0},"end":{"line":21,"column":3}},"22":{"start":{"line":23,"column":0},"end":{"line":23,"column":7}},"23":{"start":{"line":24,"column":0},"end":{"line":24,"column":34}},"24":{"start":{"line":25,"column":0},"end":{"line":25,"column":47}},"25":{"start":{"line":26,"column":0},"end":{"line":26,"column":26}},"26":{"start":{"line":27,"column":0},"end":{"line":27,"column":79}},"27":{"start":{"line":28,"column":0},"end":{"line":28,"column":5}},"29":{"start":{"line":30,"column":0},"end":{"line":30,"column":44}},"31":{"start":{"line":32,"column":0},"end":{"line":32,"column":68}},"34":{"start":{"line":35,"column":0},"end":{"line":35,"column":79}},"35":{"start":{"line":36,"column":0},"end":{"line":36,"column":55}},"37":{"start":{"line":38,"column":0},"end":{"line":38,"column":26}},"38":{"start":{"line":39,"column":0},"end":{"line":39,"column":76}},"39":{"start":{"line":40,"column":0},"end":{"line":40,"column":5}},"41":{"start":{"line":42,"column":0},"end":{"line":42,"column":37}},"42":{"start":{"line":43,"column":0},"end":{"line":43,"column":33}},"43":{"start":{"line":44,"column":0},"end":{"line":44,"column":13}},"44":{"start":{"line":45,"column":0},"end":{"line":45,"column":24}},"45":{"start":{"line":46,"column":0},"end":{"line":46,"column":35}},"46":{"start":{"line":47,"column":0},"end":{"line":47,"column":62}},"47":{"start":{"line":48,"column":0},"end":{"line":48,"column":8}},"48":{"start":{"line":49,"column":0},"end":{"line":49,"column":7}},"50":{"start":{"line":51,"column":0},"end":{"line":51,"column":26}},"51":{"start":{"line":52,"column":0},"end":{"line":52,"column":22}},"52":{"start":{"line":53,"column":0},"end":{"line":53,"column":13}},"53":{"start":{"line":54,"column":0},"end":{"line":54,"column":20}},"54":{"start":{"line":55,"column":0},"end":{"line":55,"column":26}},"55":{"start":{"line":56,"column":0},"end":{"line":56,"column":24}},"56":{"start":{"line":57,"column":0},"end":{"line":57,"column":34}},"57":{"start":{"line":58,"column":0},"end":{"line":58,"column":8}},"58":{"start":{"line":59,"column":0},"end":{"line":59,"column":7}},"59":{"start":{"line":60,"column":0},"end":{"line":60,"column":11}},"60":{"start":{"line":61,"column":0},"end":{"line":61,"column":78}},"61":{"start":{"line":62,"column":0},"end":{"line":62,"column":3}},"62":{"start":{"line":63,"column":0},"end":{"line":63,"column":1}}},"s":{"0":1,"6":1,"8":17,"9":17,"10":17,"11":17,"12":17,"13":17,"14":17,"15":17,"16":1,"17":1,"18":1,"19":1,"20":1,"22":16,"23":16,"24":16,"25":17,"26":1,"27":1,"29":15,"31":15,"34":17,"35":17,"37":17,"38":13,"39":13,"41":2,"42":2,"43":2,"44":2,"45":2,"46":2,"47":2,"48":2,"50":2,"51":2,"52":2,"53":2,"54":2,"55":2,"56":2,"57":2,"58":2,"59":17,"60":0,"61":0,"62":17},"branchMap":{"0":{"type":"branch","line":9,"loc":{"start":{"line":9,"column":0},"end":{"line":63,"column":1}},"locations":[{"start":{"line":9,"column":0},"end":{"line":63,"column":1}}]},"1":{"type":"branch","line":16,"loc":{"start":{"line":16,"column":16},"end":{"line":21,"column":3}},"locations":[{"start":{"line":16,"column":16},"end":{"line":21,"column":3}}]},"2":{"type":"branch","line":21,"loc":{"start":{"line":21,"column":2},"end":{"line":26,"column":25}},"locations":[{"start":{"line":21,"column":2},"end":{"line":26,"column":25}}]},"3":{"type":"branch","line":26,"loc":{"start":{"line":26,"column":25},"end":{"line":28,"column":5}},"locations":[{"start":{"line":26,"column":25},"end":{"line":28,"column":5}}]},"4":{"type":"branch","line":28,"loc":{"start":{"line":28,"column":4},"end":{"line":35,"column":23}},"locations":[{"start":{"line":28,"column":4},"end":{"line":35,"column":23}}]},"5":{"type":"branch","line":35,"loc":{"start":{"line":35,"column":17},"end":{"line":35,"column":39}},"locations":[{"start":{"line":35,"column":17},"end":{"line":35,"column":39}}]},"6":{"type":"branch","line":35,"loc":{"start":{"line":35,"column":23},"end":{"line":35,"column":79}},"locations":[{"start":{"line":35,"column":23},"end":{"line":35,"column":79}}]},"7":{"type":"branch","line":36,"loc":{"start":{"line":36,"column":53},"end":{"line":38,"column":17}},"locations":[{"start":{"line":36,"column":53},"end":{"line":38,"column":17}}]},"8":{"type":"branch","line":38,"loc":{"start":{"line":38,"column":9},"end":{"line":38,"column":25}},"locations":[{"start":{"line":38,"column":9},"end":{"line":38,"column":25}}]},"9":{"type":"branch","line":38,"loc":{"start":{"line":38,"column":25},"end":{"line":40,"column":5}},"locations":[{"start":{"line":38,"column":25},"end":{"line":40,"column":5}}]},"10":{"type":"branch","line":40,"loc":{"start":{"line":40,"column":4},"end":{"line":60,"column":10}},"locations":[{"start":{"line":40,"column":4},"end":{"line":60,"column":10}}]},"11":{"type":"branch","line":60,"loc":{"start":{"line":60,"column":2},"end":{"line":62,"column":3}},"locations":[{"start":{"line":60,"column":2},"end":{"line":62,"column":3}}]}},"b":{"0":[17],"1":[1],"2":[16],"3":[1],"4":[15],"5":[4],"6":[11],"7":[15],"8":[4],"9":[13],"10":[2],"11":[0]},"fnMap":{"0":{"name":"POST","decl":{"start":{"line":9,"column":0},"end":{"line":63,"column":1}},"loc":{"start":{"line":9,"column":0},"end":{"line":63,"column":1}},"line":9}},"f":{"0":17}}
,"/Users/sathishmahamuni/ClaudeWorkspace/ai-dev-certification-exercises/Dev-Pulse/src/app/api/auth/logout/route.ts": {"path":"/Users/sathishmahamuni/ClaudeWorkspace/ai-dev-certification-exercises/Dev-Pulse/src/app/api/auth/logout/route.ts","all":false,"statementMap":{"0":{"start":{"line":1,"column":0},"end":{"line":1,"column":38}},"3":{"start":{"line":4,"column":0},"end":{"line":4,"column":63}},"4":{"start":{"line":5,"column":0},"end":{"line":5,"column":54}},"5":{"start":{"line":6,"column":0},"end":{"line":6,"column":43}},"6":{"start":{"line":7,"column":0},"end":{"line":7,"column":80}},"7":{"start":{"line":8,"column":0},"end":{"line":8,"column":3}},"9":{"start":{"line":10,"column":0},"end":{"line":10,"column":41}},"10":{"start":{"line":11,"column":0},"end":{"line":11,"column":13}},"11":{"start":{"line":12,"column":0},"end":{"line":12,"column":80}},"12":{"start":{"line":13,"column":0},"end":{"line":13,"column":3}},"14":{"start":{"line":15,"column":0},"end":{"line":15,"column":7}},"16":{"start":{"line":17,"column":0},"end":{"line":17,"column":74}},"17":{"start":{"line":18,"column":0},"end":{"line":18,"column":47}},"18":{"start":{"line":19,"column":0},"end":{"line":19,"column":11}},"19":{"start":{"line":20,"column":0},"end":{"line":20,"column":78}},"20":{"start":{"line":21,"column":0},"end":{"line":21,"column":3}},"21":{"start":{"line":22,"column":0},"end":{"line":22,"column":1}}},"s":{"0":1,"3":5,"4":5,"5":5,"6":2,"7":2,"9":3,"10":4,"11":0,"12":0,"14":3,"16":3,"17":3,"18":4,"19":0,"20":0,"21":5},"branchMap":{"0":{"type":"branch","line":4,"loc":{"start":{"line":4,"column":0},"end":{"line":22,"column":1}},"locations":[{"start":{"line":4,"column":0},"end":{"line":22,"column":1}}]},"1":{"type":"branch","line":6,"loc":{"start":{"line":6,"column":7},"end":{"line":6,"column":30}},"locations":[{"start":{"line":6,"column":7},"end":{"line":6,"column":30}}]},"2":{"type":"branch","line":6,"loc":{"start":{"line":6,"column":42},"end":{"line":8,"column":3}},"locations":[{"start":{"line":6,"column":42},"end":{"line":8,"column":3}}]},"3":{"type":"branch","line":8,"loc":{"start":{"line":8,"column":2},"end":{"line":21,"column":3}},"locations":[{"start":{"line":8,"column":2},"end":{"line":21,"column":3}}]},"4":{"type":"branch","line":8,"loc":{"start":{"line":8,"column":2},"end":{"line":11,"column":12}},"locations":[{"start":{"line":8,"column":2},"end":{"line":11,"column":12}}]},"5":{"type":"branch","line":11,"loc":{"start":{"line":11,"column":12},"end":{"line":13,"column":3}},"locations":[{"start":{"line":11,"column":12},"end":{"line":13,"column":3}}]},"6":{"type":"branch","line":13,"loc":{"start":{"line":13,"column":2},"end":{"line":19,"column":10}},"locations":[{"start":{"line":13,"column":2},"end":{"line":19,"column":10}}]},"7":{"type":"branch","line":19,"loc":{"start":{"line":19,"column":2},"end":{"line":21,"column":3}},"locations":[{"start":{"line":19,"column":2},"end":{"line":21,"column":3}}]}},"b":{"0":[5],"1":[4],"2":[2],"3":[4],"4":[3],"5":[0],"6":[3],"7":[0]},"fnMap":{"0":{"name":"DELETE","decl":{"start":{"line":4,"column":0},"end":{"line":22,"column":1}},"loc":{"start":{"line":4,"column":0},"end":{"line":22,"column":1}},"line":4}},"f":{"0":5}}
,"/Users/sathishmahamuni/ClaudeWorkspace/ai-dev-certification-exercises/Dev-Pulse/src/app/api/auth/register/route.ts": {"path":"/Users/sathishmahamuni/ClaudeWorkspace/ai-dev-certification-exercises/Dev-Pulse/src/app/api/auth/register/route.ts","all":false,"statementMap":{"0":{"start":{"line":1,"column":0},"end":{"line":1,"column":30}},"6":{"start":{"line":7,"column":0},"end":{"line":7,"column":61}},"7":{"start":{"line":8,"column":0},"end":{"line":8,"column":52}},"8":{"start":{"line":9,"column":0},"end":{"line":9,"column":21}},"9":{"start":{"line":10,"column":0},"end":{"line":10,"column":15}},"10":{"start":{"line":11,"column":0},"end":{"line":11,"column":6}},"11":{"start":{"line":12,"column":0},"end":{"line":12,"column":10}},"12":{"start":{"line":13,"column":0},"end":{"line":13,"column":4}},"13":{"start":{"line":14,"column":0},"end":{"line":14,"column":17}},"14":{"start":{"line":15,"column":0},"end":{"line":15,"column":25}},"15":{"start":{"line":16,"column":0},"end":{"line":16,"column":37}},"16":{"start":{"line":17,"column":0},"end":{"line":17,"column":72}},"17":{"start":{"line":18,"column":0},"end":{"line":18,"column":6}},"18":{"start":{"line":19,"column":0},"end":{"line":19,"column":3}},"20":{"start":{"line":21,"column":0},"end":{"line":21,"column":7}},"21":{"start":{"line":22,"column":0},"end":{"line":22,"column":34}},"22":{"start":{"line":23,"column":0},"end":{"line":23,"column":50}},"23":{"start":{"line":24,"column":0},"end":{"line":24,"column":26}},"24":{"start":{"line":25,"column":0},"end":{"line":25,"column":27}},"25":{"start":{"line":26,"column":0},"end":{"line":26,"column":42}},"26":{"start":{"line":27,"column":0},"end":{"line":27,"column":23}},"27":{"start":{"line":28,"column":0},"end":{"line":28,"column":8}},"28":{"start":{"line":29,"column":0},"end":{"line":29,"column":5}},"30":{"start":{"line":31,"column":0},"end":{"line":31,"column":50}},"32":{"start":{"line":33,"column":0},"end":{"line":33,"column":72}},"33":{"start":{"line":34,"column":0},"end":{"line":34,"column":19}},"34":{"start":{"line":35,"column":0},"end":{"line":35,"column":27}},"35":{"start":{"line":36,"column":0},"end":{"line":36,"column":46}},"36":{"start":{"line":37,"column":0},"end":{"line":37,"column":23}},"37":{"start":{"line":38,"column":0},"end":{"line":38,"column":8}},"38":{"start":{"line":39,"column":0},"end":{"line":39,"column":5}},"40":{"start":{"line":41,"column":0},"end":{"line":41,"column":57}},"42":{"start":{"line":43,"column":0},"end":{"line":43,"column":43}},"43":{"start":{"line":44,"column":0},"end":{"line":44,"column":42}},"44":{"start":{"line":45,"column":0},"end":{"line":45,"column":69}},"45":{"start":{"line":46,"column":0},"end":{"line":46,"column":7}},"47":{"start":{"line":48,"column":0},"end":{"line":48,"column":37}},"48":{"start":{"line":49,"column":0},"end":{"line":49,"column":33}},"49":{"start":{"line":50,"column":0},"end":{"line":50,"column":13}},"50":{"start":{"line":51,"column":0},"end":{"line":51,"column":24}},"51":{"start":{"line":52,"column":0},"end":{"line":52,"column":35}},"52":{"start":{"line":53,"column":0},"end":{"line":53,"column":62}},"53":{"start":{"line":54,"column":0},"end":{"line":54,"column":8}},"54":{"start":{"line":55,"column":0},"end":{"line":55,"column":7}},"56":{"start":{"line":57,"column":0},"end":{"line":57,"column":69}},"57":{"start":{"line":58,"column":0},"end":{"line":58,"column":11}},"58":{"start":{"line":59,"column":0},"end":{"line":59,"column":78}},"59":{"start":{"line":60,"column":0},"end":{"line":60,"column":3}},"60":{"start":{"line":61,"column":0},"end":{"line":61,"column":1}}},"s":{"0":1,"6":25,"7":25,"8":25,"9":25,"10":25,"11":25,"12":25,"13":25,"14":1,"15":1,"16":1,"17":1,"18":1,"20":24,"21":24,"22":24,"23":25,"24":3,"25":3,"26":3,"27":3,"28":3,"30":21,"32":21,"33":25,"34":1,"35":1,"36":1,"37":1,"38":1,"40":20,"42":20,"43":20,"44":20,"45":20,"47":20,"48":20,"49":20,"50":20,"51":20,"52":20,"53":20,"54":20,"56":20,"57":25,"58":0,"59":0,"60":25},"branchMap":{"0":{"type":"branch","line":7,"loc":{"start":{"line":7,"column":0},"end":{"line":61,"column":1}},"locations":[{"start":{"line":7,"column":0},"end":{"line":61,"column":1}}]},"1":{"type":"branch","line":14,"loc":{"start":{"line":14,"column":16},"end":{"line":19,"column":3}},"locations":[{"start":{"line":14,"column":16},"end":{"line":19,"column":3}}]},"2":{"type":"branch","line":19,"loc":{"start":{"line":19,"column":2},"end":{"line":24,"column":25}},"locations":[{"start":{"line":19,"column":2},"end":{"line":24,"column":25}}]},"3":{"type":"branch","line":24,"loc":{"start":{"line":24,"column":25},"end":{"line":29,"column":5}},"locations":[{"start":{"line":24,"column":25},"end":{"line":29,"column":5}}]},"4":{"type":"branch","line":29,"loc":{"start":{"line":29,"column":4},"end":{"line":34,"column":18}},"locations":[{"start":{"line":29,"column":4},"end":{"line":34,"column":18}}]},"5":{"type":"branch","line":34,"loc":{"start":{"line":34,"column":18},"end":{"line":39,"column":5}},"locations":[{"start":{"line":34,"column":18},"end":{"line":39,"column":5}}]},"6":{"type":"branch","line":39,"loc":{"start":{"line":39,"column":4},"end":{"line":58,"column":10}},"locations":[{"start":{"line":39,"column":4},"end":{"line":58,"column":10}}]},"7":{"type":"branch","line":58,"loc":{"start":{"line":58,"column":2},"end":{"line":60,"column":3}},"locations":[{"start":{"line":58,"column":2},"end":{"line":60,"column":3}}]}},"b":{"0":[25],"1":[1],"2":[24],"3":[3],"4":[21],"5":[1],"6":[20],"7":[0]},"fnMap":{"0":{"name":"POST","decl":{"start":{"line":7,"column":0},"end":{"line":61,"column":1}},"loc":{"start":{"line":7,"column":0},"end":{"line":61,"column":1}},"line":7}},"f":{"0":25}}
,"/Users/sathishmahamuni/ClaudeWorkspace/ai-dev-certification-exercises/Dev-Pulse/src/app/api/dashboard/route.ts": {"path":"/Users/sathishmahamuni/ClaudeWorkspace/ai-dev-certification-exercises/Dev-Pulse/src/app/api/dashboard/route.ts","all":false,"statementMap":{"0":{"start":{"line":1,"column":0},"end":{"line":1,"column":38}},"5":{"start":{"line":6,"column":0},"end":{"line":6,"column":60}},"6":{"start":{"line":7,"column":0},"end":{"line":7,"column":44}},"7":{"start":{"line":8,"column":0},"end":{"line":8,"column":56}},"8":{"start":{"line":9,"column":0},"end":{"line":9,"column":30}},"10":{"start":{"line":11,"column":0},"end":{"line":11,"column":7}},"11":{"start":{"line":12,"column":0},"end":{"line":12,"column":33}},"12":{"start":{"line":13,"column":0},"end":{"line":13,"column":46}},"13":{"start":{"line":14,"column":0},"end":{"line":14,"column":42}},"15":{"start":{"line":16,"column":0},"end":{"line":16,"column":62}},"16":{"start":{"line":17,"column":0},"end":{"line":17,"column":26}},"17":{"start":{"line":18,"column":0},"end":{"line":18,"column":79}},"18":{"start":{"line":19,"column":0},"end":{"line":19,"column":5}},"20":{"start":{"line":21,"column":0},"end":{"line":21,"column":48}},"21":{"start":{"line":22,"column":0},"end":{"line":22,"column":44}},"24":{"start":{"line":25,"column":0},"end":{"line":25,"column":52}},"25":{"start":{"line":26,"column":0},"end":{"line":26,"column":33}},"26":{"start":{"line":27,"column":0},"end":{"line":27,"column":105}},"27":{"start":{"line":28,"column":0},"end":{"line":28,"column":7}},"29":{"start":{"line":30,"column":0},"end":{"line":30,"column":29}},"30":{"start":{"line":31,"column":0},"end":{"line":31,"column":39}},"31":{"start":{"line":32,"column":0},"end":{"line":32,"column":24}},"32":{"start":{"line":33,"column":0},"end":{"line":33,"column":26}},"33":{"start":{"line":34,"column":0},"end":{"line":34,"column":26}},"34":{"start":{"line":35,"column":0},"end":{"line":35,"column":27}},"35":{"start":{"line":36,"column":0},"end":{"line":36,"column":22}},"36":{"start":{"line":37,"column":0},"end":{"line":37,"column":8}},"37":{"start":{"line":38,"column":0},"end":{"line":38,"column":72}},"38":{"start":{"line":39,"column":0},"end":{"line":39,"column":5}},"40":{"start":{"line":41,"column":0},"end":{"line":41,"column":43}},"43":{"start":{"line":44,"column":0},"end":{"line":44,"column":49}},"44":{"start":{"line":45,"column":0},"end":{"line":45,"column":19}},"45":{"start":{"line":46,"column":0},"end":{"line":46,"column":79}},"46":{"start":{"line":47,"column":0},"end":{"line":47,"column":84}},"47":{"start":{"line":48,"column":0},"end":{"line":48,"column":31}},"48":{"start":{"line":49,"column":0},"end":{"line":49,"column":7}},"50":{"start":{"line":51,"column":0},"end":{"line":51,"column":55}},"51":{"start":{"line":52,"column":0},"end":{"line":52,"column":19}},"52":{"start":{"line":53,"column":0},"end":{"line":53,"column":35}},"53":{"start":{"line":54,"column":0},"end":{"line":54,"column":39}},"54":{"start":{"line":55,"column":0},"end":{"line":55,"column":39}},"55":{"start":{"line":56,"column":0},"end":{"line":56,"column":45}},"56":{"start":{"line":57,"column":0},"end":{"line":57,"column":8}},"58":{"start":{"line":59,"column":0},"end":{"line":59,"column":69}},"59":{"start":{"line":60,"column":0},"end":{"line":60,"column":73}},"60":{"start":{"line":61,"column":0},"end":{"line":61,"column":73}},"61":{"start":{"line":62,"column":0},"end":{"line":62,"column":68}},"62":{"start":{"line":63,"column":0},"end":{"line":63,"column":30}},"63":{"start":{"line":64,"column":0},"end":{"line":64,"column":8}},"64":{"start":{"line":65,"column":0},"end":{"line":65,"column":80}},"65":{"start":{"line":66,"column":0},"end":{"line":66,"column":6}},"67":{"start":{"line":68,"column":0},"end":{"line":68,"column":39}},"68":{"start":{"line":69,"column":0},"end":{"line":69,"column":19}},"69":{"start":{"line":70,"column":0},"end":{"line":70,"column":21}},"70":{"start":{"line":71,"column":0},"end":{"line":71,"column":21}},"71":{"start":{"line":72,"column":0},"end":{"line":72,"column":71}},"72":{"start":{"line":73,"column":0},"end":{"line":73,"column":17}},"73":{"start":{"line":74,"column":0},"end":{"line":74,"column":6}},"76":{"start":{"line":77,"column":0},"end":{"line":77,"column":56}},"77":{"start":{"line":78,"column":0},"end":{"line":78,"column":21}},"78":{"start":{"line":79,"column":0},"end":{"line":79,"column":79}},"79":{"start":{"line":80,"column":0},"end":{"line":80,"column":64}},"80":{"start":{"line":81,"column":0},"end":{"line":81,"column":7}},"82":{"start":{"line":83,"column":0},"end":{"line":83,"column":33}},"83":{"start":{"line":84,"column":0},"end":{"line":84,"column":33}},"84":{"start":{"line":85,"column":0},"end":{"line":85,"column":17}},"85":{"start":{"line":86,"column":0},"end":{"line":86,"column":9}},"86":{"start":{"line":87,"column":0},"end":{"line":87,"column":39}},"87":{"start":{"line":88,"column":0},"end":{"line":88,"column":43}},"88":{"start":{"line":89,"column":0},"end":{"line":89,"column":43}},"89":{"start":{"line":90,"column":0},"end":{"line":90,"column":10}},"90":{"start":{"line":91,"column":0},"end":{"line":91,"column":8}},"91":{"start":{"line":92,"column":0},"end":{"line":92,"column":6}},"93":{"start":{"line":94,"column":0},"end":{"line":94,"column":64}},"94":{"start":{"line":95,"column":0},"end":{"line":95,"column":11}},"95":{"start":{"line":96,"column":0},"end":{"line":96,"column":52}},"96":{"start":{"line":97,"column":0},"end":{"line":97,"column":56}},"97":{"start":{"line":98,"column":0},"end":{"line":98,"column":56}},"98":{"start":{"line":99,"column":0},"end":{"line":99,"column":8}},"100":{"start":{"line":101,"column":0},"end":{"line":101,"column":67}},"101":{"start":{"line":102,"column":0},"end":{"line":102,"column":11}},"102":{"start":{"line":103,"column":0},"end":{"line":103,"column":78}},"103":{"start":{"line":104,"column":0},"end":{"line":104,"column":3}},"104":{"start":{"line":105,"column":0},"end":{"line":105,"column":1}}},"s":{"0":1,"5":4,"6":4,"7":4,"8":3,"10":3,"11":3,"12":3,"13":3,"15":3,"16":4,"17":1,"18":1,"20":2,"21":2,"24":2,"25":2,"26":2,"27":2,"29":4,"30":1,"31":1,"32":1,"33":1,"34":1,"35":1,"36":1,"37":1,"38":1,"40":1,"43":1,"44":1,"45":1,"46":1,"47":1,"48":1,"50":1,"51":10,"52":10,"53":10,"54":10,"55":10,"56":1,"58":1,"59":1,"60":1,"61":1,"62":1,"63":1,"64":1,"65":1,"67":1,"68":1,"69":1,"70":1,"71":1,"72":1,"73":1,"76":1,"77":1,"78":1,"79":1,"80":1,"82":1,"83":1,"84":1,"85":1,"86":1,"87":1,"88":1,"89":1,"90":1,"91":1,"93":1,"94":1,"95":1,"96":1,"97":1,"98":1,"100":1,"101":4,"102":0,"103":0,"104":4},"branchMap":{"0":{"type":"branch","line":6,"loc":{"start":{"line":6,"column":0},"end":{"line":105,"column":1}},"locations":[{"start":{"line":6,"column":0},"end":{"line":105,"column":1}}]},"1":{"type":"branch","line":8,"loc":{"start":{"line":8,"column":38},"end":{"line":8,"column":56}},"locations":[{"start":{"line":8,"column":38},"end":{"line":8,"column":56}}]},"2":{"type":"branch","line":8,"loc":{"start":{"line":8,"column":45},"end":{"line":17,"column":25}},"locations":[{"start":{"line":8,"column":45},"end":{"line":17,"column":25}}]},"3":{"type":"branch","line":17,"loc":{"start":{"line":17,"column":25},"end":{"line":19,"column":5}},"locations":[{"start":{"line":17,"column":25},"end":{"line":19,"column":5}}]},"4":{"type":"branch","line":19,"loc":{"start":{"line":19,"column":4},"end":{"line":30,"column":28}},"locations":[{"start":{"line":19,"column":4},"end":{"line":30,"column":28}}]},"5":{"type":"branch","line":30,"loc":{"start":{"line":30,"column":28},"end":{"line":102,"column":10}},"locations":[{"start":{"line":30,"column":28},"end":{"line":102,"column":10}}]},"6":{"type":"branch","line":102,"loc":{"start":{"line":102,"column":2},"end":{"line":104,"column":3}},"locations":[{"start":{"line":102,"column":2},"end":{"line":104,"column":3}}]},"7":{"type":"branch","line":41,"loc":{"start":{"line":41,"column":30},"end":{"line":41,"column":41}},"locations":[{"start":{"line":41,"column":30},"end":{"line":41,"column":41}}]},"8":{"type":"branch","line":51,"loc":{"start":{"line":51,"column":46},"end":{"line":57,"column":6}},"locations":[{"start":{"line":51,"column":46},"end":{"line":57,"column":6}}]},"9":{"type":"branch","line":53,"loc":{"start":{"line":53,"column":22},"end":{"line":53,"column":35}},"locations":[{"start":{"line":53,"column":22},"end":{"line":53,"column":35}}]},"10":{"type":"branch","line":54,"loc":{"start":{"line":54,"column":24},"end":{"line":54,"column":39}},"locations":[{"start":{"line":54,"column":24},"end":{"line":54,"column":39}}]},"11":{"type":"branch","line":55,"loc":{"start":{"line":55,"column":24},"end":{"line":55,"column":39}},"locations":[{"start":{"line":55,"column":24},"end":{"line":55,"column":39}}]},"12":{"type":"branch","line":56,"loc":{"start":{"line":56,"column":27},"end":{"line":56,"column":45}},"locations":[{"start":{"line":56,"column":27},"end":{"line":56,"column":45}}]},"13":{"type":"branch","line":59,"loc":{"start":{"line":59,"column":41},"end":{"line":59,"column":66}},"locations":[{"start":{"line":59,"column":41},"end":{"line":59,"column":66}}]},"14":{"type":"branch","line":60,"loc":{"start":{"line":60,"column":43},"end":{"line":60,"column":70}},"locations":[{"start":{"line":60,"column":43},"end":{"line":60,"column":70}}]},"15":{"type":"branch","line":61,"loc":{"start":{"line":61,"column":43},"end":{"line":61,"column":70}},"locations":[{"start":{"line":61,"column":43},"end":{"line":61,"column":70}}]},"16":{"type":"branch","line":62,"loc":{"start":{"line":62,"column":39},"end":{"line":62,"column":59}},"locations":[{"start":{"line":62,"column":39},"end":{"line":62,"column":59}}]},"17":{"type":"branch","line":84,"loc":{"start":{"line":84,"column":25},"end":{"line":91,"column":7}},"locations":[{"start":{"line":84,"column":25},"end":{"line":91,"column":7}}]},"18":{"type":"branch","line":87,"loc":{"start":{"line":87,"column":26},"end":{"line":87,"column":39}},"locations":[{"start":{"line":87,"column":26},"end":{"line":87,"column":39}}]},"19":{"type":"branch","line":88,"loc":{"start":{"line":88,"column":28},"end":{"line":88,"column":43}},"locations":[{"start":{"line":88,"column":28},"end":{"line":88,"column":43}}]},"20":{"type":"branch","line":89,"loc":{"start":{"line":89,"column":28},"end":{"line":89,"column":43}},"locations":[{"start":{"line":89,"column":28},"end":{"line":89,"column":43}}]},"21":{"type":"branch","line":94,"loc":{"start":{"line":94,"column":55},"end":{"line":99,"column":6}},"locations":[{"start":{"line":94,"column":55},"end":{"line":99,"column":6}}]},"22":{"type":"branch","line":96,"loc":{"start":{"line":96,"column":39},"end":{"line":96,"column":52}},"locations":[{"start":{"line":96,"column":39},"end":{"line":96,"column":52}}]},"23":{"type":"branch","line":97,"loc":{"start":{"line":97,"column":41},"end":{"line":97,"column":56}},"locations":[{"start":{"line":97,"column":41},"end":{"line":97,"column":56}}]},"24":{"type":"branch","line":98,"loc":{"start":{"line":98,"column":41},"end":{"line":98,"column":56}},"locations":[{"start":{"line":98,"column":41},"end":{"line":98,"column":56}}]}},"b":{"0":[4],"1":[1],"2":[3],"3":[1],"4":[2],"5":[1],"6":[0],"7":[1],"8":[10],"9":[0],"10":[0],"11":[0],"12":[0],"13":[10],"14":[10],"15":[10],"16":[10],"17":[1],"18":[0],"19":[0],"20":[0],"21":[1],"22":[0],"23":[0],"24":[0]},"fnMap":{"0":{"name":"GET","decl":{"start":{"line":6,"column":0},"end":{"line":105,"column":1}},"loc":{"start":{"line":6,"column":0},"end":{"line":105,"column":1}},"line":6}},"f":{"0":4}}
,"/Users/sathishmahamuni/ClaudeWorkspace/ai-dev-certification-exercises/Dev-Pulse/src/app/api/metrics/[repoId]/route.ts": {"path":"/Users/sathishmahamuni/ClaudeWorkspace/ai-dev-certification-exercises/Dev-Pulse/src/app/api/metrics/[repoId]/route.ts","all":false,"statementMap":{"0":{"start":{"line":1,"column":0},"end":{"line":1,"column":38}},"6":{"start":{"line":7,"column":0},"end":{"line":7,"column":79}},"7":{"start":{"line":8,"column":0},"end":{"line":8,"column":44}},"8":{"start":{"line":9,"column":0},"end":{"line":9,"column":56}},"9":{"start":{"line":10,"column":0},"end":{"line":10,"column":30}},"11":{"start":{"line":12,"column":0},"end":{"line":12,"column":7}},"12":{"start":{"line":13,"column":0},"end":{"line":13,"column":40}},"13":{"start":{"line":14,"column":0},"end":{"line":14,"column":33}},"14":{"start":{"line":15,"column":0},"end":{"line":15,"column":46}},"15":{"start":{"line":16,"column":0},"end":{"line":16,"column":42}},"17":{"start":{"line":18,"column":0},"end":{"line":18,"column":62}},"18":{"start":{"line":19,"column":0},"end":{"line":19,"column":26}},"19":{"start":{"line":20,"column":0},"end":{"line":20,"column":79}},"20":{"start":{"line":21,"column":0},"end":{"line":21,"column":5}},"23":{"start":{"line":24,"column":0},"end":{"line":24,"column":52}},"24":{"start":{"line":25,"column":0},"end":{"line":25,"column":45}},"25":{"start":{"line":26,"column":0},"end":{"line":26,"column":27}},"26":{"start":{"line":27,"column":0},"end":{"line":27,"column":7}},"27":{"start":{"line":28,"column":0},"end":{"line":28,"column":16}},"28":{"start":{"line":29,"column":0},"end":{"line":29,"column":79}},"29":{"start":{"line":30,"column":0},"end":{"line":30,"column":5}},"31":{"start":{"line":32,"column":0},"end":{"line":32,"column":50}},"32":{"start":{"line":33,"column":0},"end":{"line":33,"column":14}},"33":{"start":{"line":34,"column":0},"end":{"line":34,"column":15}},"34":{"start":{"line":35,"column":0},"end":{"line":35,"column":81}},"35":{"start":{"line":36,"column":0},"end":{"line":36,"column":8}},"36":{"start":{"line":37,"column":0},"end":{"line":37,"column":98}},"37":{"start":{"line":38,"column":0},"end":{"line":38,"column":31}},"38":{"start":{"line":39,"column":0},"end":{"line":39,"column":7}},"40":{"start":{"line":41,"column":0},"end":{"line":41,"column":46}},"41":{"start":{"line":42,"column":0},"end":{"line":42,"column":11}},"42":{"start":{"line":43,"column":0},"end":{"line":43,"column":78}},"43":{"start":{"line":44,"column":0},"end":{"line":44,"column":3}},"44":{"start":{"line":45,"column":0},"end":{"line":45,"column":1}}},"s":{"0":1,"6":8,"7":8,"8":8,"9":7,"11":7,"12":7,"13":7,"14":7,"15":7,"17":7,"18":8,"19":2,"20":2,"23":5,"24":5,"25":5,"26":5,"27":8,"28":4,"29":4,"31":1,"32":1,"33":1,"34":1,"35":1,"36":1,"37":1,"38":1,"40":1,"41":6,"42":0,"43":0,"44":8},"branchMap":{"0":{"type":"branch","line":7,"loc":{"start":{"line":7,"column":0},"end":{"line":45,"column":1}},"locations":[{"start":{"line":7,"column":0},"end":{"line":45,"column":1}}]},"1":{"type":"branch","line":9,"loc":{"start":{"line":9,"column":38},"end":{"line":9,"column":56}},"locations":[{"start":{"line":9,"column":38},"end":{"line":9,"column":56}}]},"2":{"type":"branch","line":9,"loc":{"start":{"line":9,"column":45},"end":{"line":19,"column":25}},"locations":[{"start":{"line":9,"column":45},"end":{"line":19,"column":25}}]},"3":{"type":"branch","line":19,"loc":{"start":{"line":19,"column":25},"end":{"line":21,"column":5}},"locations":[{"start":{"line":19,"column":25},"end":{"line":21,"column":5}}]},"4":{"type":"branch","line":21,"loc":{"start":{"line":21,"column":4},"end":{"line":28,"column":15}},"locations":[{"start":{"line":21,"column":4},"end":{"line":28,"column":15}}]},"5":{"type":"branch","line":28,"loc":{"start":{"line":28,"column":15},"end":{"line":30,"column":5}},"locations":[{"start":{"line":28,"column":15},"end":{"line":30,"column":5}}]},"6":{"type":"branch","line":30,"loc":{"start":{"line":30,"column":4},"end":{"line":44,"column":3}},"locations":[{"start":{"line":30,"column":4},"end":{"line":44,"column":3}}]},"7":{"type":"branch","line":30,"loc":{"start":{"line":30,"column":4},"end":{"line":42,"column":10}},"locations":[{"start":{"line":30,"column":4},"end":{"line":42,"column":10}}]},"8":{"type":"branch","line":42,"loc":{"start":{"line":42,"column":2},"end":{"line":44,"column":3}},"locations":[{"start":{"line":42,"column":2},"end":{"line":44,"column":3}}]}},"b":{"0":[8],"1":[1],"2":[7],"3":[2],"4":[5],"5":[4],"6":[6],"7":[1],"8":[0]},"fnMap":{"0":{"name":"GET","decl":{"start":{"line":7,"column":0},"end":{"line":45,"column":1}},"loc":{"start":{"line":7,"column":0},"end":{"line":45,"column":1}},"line":7}},"f":{"0":8}}
,"/Users/sathishmahamuni/ClaudeWorkspace/ai-dev-certification-exercises/Dev-Pulse/src/app/api/repos/route.ts": {"path":"/Users/sathishmahamuni/ClaudeWorkspace/ai-dev-certification-exercises/Dev-Pulse/src/app/api/repos/route.ts","all":false,"statementMap":{"0":{"start":{"line":1,"column":0},"end":{"line":1,"column":38}},"3":{"start":{"line":4,"column":0},"end":{"line":4,"column":60}},"4":{"start":{"line":5,"column":0},"end":{"line":5,"column":44}},"5":{"start":{"line":6,"column":0},"end":{"line":6,"column":56}},"6":{"start":{"line":7,"column":0},"end":{"line":7,"column":30}},"8":{"start":{"line":9,"column":0},"end":{"line":9,"column":7}},"9":{"start":{"line":10,"column":0},"end":{"line":10,"column":52}},"10":{"start":{"line":11,"column":0},"end":{"line":11,"column":33}},"11":{"start":{"line":12,"column":0},"end":{"line":12,"column":15}},"12":{"start":{"line":13,"column":0},"end":{"line":13,"column":17}},"13":{"start":{"line":14,"column":0},"end":{"line":14,"column":20}},"14":{"start":{"line":15,"column":0},"end":{"line":15,"column":19}},"15":{"start":{"line":16,"column":0},"end":{"line":16,"column":23}},"16":{"start":{"line":17,"column":0},"end":{"line":17,"column":27}},"17":{"start":{"line":18,"column":0},"end":{"line":18,"column":24}},"18":{"start":{"line":19,"column":0},"end":{"line":19,"column":8}},"19":{"start":{"line":20,"column":0},"end":{"line":20,"column":37}},"20":{"start":{"line":21,"column":0},"end":{"line":21,"column":7}},"22":{"start":{"line":23,"column":0},"end":{"line":23,"column":36}},"23":{"start":{"line":24,"column":0},"end":{"line":24,"column":11}},"24":{"start":{"line":25,"column":0},"end":{"line":25,"column":78}},"25":{"start":{"line":26,"column":0},"end":{"line":26,"column":3}},"26":{"start":{"line":27,"column":0},"end":{"line":27,"column":1}}},"s":{"0":1,"3":10,"4":10,"5":10,"6":5,"8":5,"9":5,"10":5,"11":5,"12":5,"13":5,"14":5,"15":5,"16":5,"17":5,"18":5,"19":5,"20":5,"22":5,"23":9,"24":0,"25":0,"26":10},"branchMap":{"0":{"type":"branch","line":4,"loc":{"start":{"line":4,"column":0},"end":{"line":27,"column":1}},"locations":[{"start":{"line":4,"column":0},"end":{"line":27,"column":1}}]},"1":{"type":"branch","line":6,"loc":{"start":{"line":6,"column":38},"end":{"line":6,"column":56}},"locations":[{"start":{"line":6,"column":38},"end":{"line":6,"column":56}}]},"2":{"type":"branch","line":6,"loc":{"start":{"line":6,"column":45},"end":{"line":26,"column":3}},"locations":[{"start":{"line":6,"column":45},"end":{"line":26,"column":3}}]},"3":{"type":"branch","line":6,"loc":{"start":{"line":6,"column":45},"end":{"line":24,"column":10}},"locations":[{"start":{"line":6,"column":45},"end":{"line":24,"column":10}}]},"4":{"type":"branch","line":24,"loc":{"start":{"line":24,"column":2},"end":{"line":26,"column":3}},"locations":[{"start":{"line":24,"column":2},"end":{"line":26,"column":3}}]}},"b":{"0":[10],"1":[5],"2":[9],"3":[5],"4":[0]},"fnMap":{"0":{"name":"GET","decl":{"start":{"line":4,"column":0},"end":{"line":27,"column":1}},"loc":{"start":{"line":4,"column":0},"end":{"line":27,"column":1}},"line":4}},"f":{"0":10}}
,"/Users/sathishmahamuni/ClaudeWorkspace/ai-dev-certification-exercises/Dev-Pulse/src/app/api/repos/[repoId]/sync/route.ts": {"path":"/Users/sathishmahamuni/ClaudeWorkspace/ai-dev-certification-exercises/Dev-Pulse/src/app/api/repos/[repoId]/sync/route.ts","all":false,"statementMap":{"0":{"start":{"line":1,"column":0},"end":{"line":1,"column":38}},"8":{"start":{"line":9,"column":0},"end":{"line":9,"column":66}},"9":{"start":{"line":10,"column":0},"end":{"line":10,"column":40}},"10":{"start":{"line":11,"column":0},"end":{"line":11,"column":32}},"11":{"start":{"line":12,"column":0},"end":{"line":12,"column":34}},"12":{"start":{"line":13,"column":0},"end":{"line":13,"column":42}},"13":{"start":{"line":14,"column":0},"end":{"line":14,"column":3}},"14":{"start":{"line":15,"column":0},"end":{"line":15,"column":13}},"15":{"start":{"line":16,"column":0},"end":{"line":16,"column":1}},"17":{"start":{"line":18,"column":0},"end":{"line":18,"column":80}},"18":{"start":{"line":19,"column":0},"end":{"line":19,"column":44}},"19":{"start":{"line":20,"column":0},"end":{"line":20,"column":56}},"20":{"start":{"line":21,"column":0},"end":{"line":21,"column":30}},"22":{"start":{"line":23,"column":0},"end":{"line":23,"column":7}},"23":{"start":{"line":24,"column":0},"end":{"line":24,"column":40}},"25":{"start":{"line":26,"column":0},"end":{"line":26,"column":52}},"26":{"start":{"line":27,"column":0},"end":{"line":27,"column":45}},"27":{"start":{"line":28,"column":0},"end":{"line":28,"column":7}},"28":{"start":{"line":29,"column":0},"end":{"line":29,"column":16}},"29":{"start":{"line":30,"column":0},"end":{"line":30,"column":79}},"30":{"start":{"line":31,"column":0},"end":{"line":31,"column":5}},"33":{"start":{"line":34,"column":0},"end":{"line":34,"column":35}},"34":{"start":{"line":35,"column":0},"end":{"line":35,"column":39}},"35":{"start":{"line":36,"column":0},"end":{"line":36,"column":70}},"37":{"start":{"line":38,"column":0},"end":{"line":38,"column":46}},"38":{"start":{"line":39,"column":0},"end":{"line":39,"column":47}},"41":{"start":{"line":42,"column":0},"end":{"line":42,"column":66}},"42":{"start":{"line":43,"column":0},"end":{"line":43,"column":50}},"43":{"start":{"line":44,"column":0},"end":{"line":44,"column":80}},"44":{"start":{"line":45,"column":0},"end":{"line":45,"column":5}},"47":{"start":{"line":48,"column":0},"end":{"line":48,"column":36}},"48":{"start":{"line":49,"column":0},"end":{"line":49,"column":55}},"49":{"start":{"line":50,"column":0},"end":{"line":50,"column":37}},"50":{"start":{"line":51,"column":0},"end":{"line":51,"column":66}},"51":{"start":{"line":52,"column":0},"end":{"line":52,"column":8}},"52":{"start":{"line":53,"column":0},"end":{"line":53,"column":39}},"53":{"start":{"line":54,"column":0},"end":{"line":54,"column":46}},"54":{"start":{"line":55,"column":0},"end":{"line":55,"column":36}},"55":{"start":{"line":56,"column":0},"end":{"line":56,"column":7}},"56":{"start":{"line":57,"column":0},"end":{"line":57,"column":5}},"59":{"start":{"line":60,"column":0},"end":{"line":60,"column":73}},"60":{"start":{"line":61,"column":0},"end":{"line":61,"column":55}},"61":{"start":{"line":62,"column":0},"end":{"line":62,"column":30}},"62":{"start":{"line":63,"column":0},"end":{"line":63,"column":109}},"63":{"start":{"line":64,"column":0},"end":{"line":64,"column":8}},"64":{"start":{"line":65,"column":0},"end":{"line":65,"column":35}},"65":{"start":{"line":66,"column":0},"end":{"line":66,"column":37}},"66":{"start":{"line":67,"column":0},"end":{"line":67,"column":61}},"67":{"start":{"line":68,"column":0},"end":{"line":68,"column":78}},"68":{"start":{"line":69,"column":0},"end":{"line":69,"column":7}},"69":{"start":{"line":70,"column":0},"end":{"line":70,"column":5}},"72":{"start":{"line":73,"column":0},"end":{"line":73,"column":47}},"75":{"start":{"line":76,"column":0},"end":{"line":76,"column":48}},"76":{"start":{"line":77,"column":0},"end":{"line":77,"column":49}},"77":{"start":{"line":78,"column":0},"end":{"line":78,"column":30}},"78":{"start":{"line":79,"column":0},"end":{"line":79,"column":48}},"79":{"start":{"line":80,"column":0},"end":{"line":80,"column":64}},"80":{"start":{"line":81,"column":0},"end":{"line":81,"column":22}},"81":{"start":{"line":82,"column":0},"end":{"line":82,"column":50}},"82":{"start":{"line":83,"column":0},"end":{"line":83,"column":70}},"83":{"start":{"line":84,"column":0},"end":{"line":84,"column":7}},"84":{"start":{"line":85,"column":0},"end":{"line":85,"column":5}},"87":{"start":{"line":88,"column":0},"end":{"line":88,"column":91}},"89":{"start":{"line":90,"column":0},"end":{"line":90,"column":19}},"90":{"start":{"line":91,"column":0},"end":{"line":91,"column":29}},"91":{"start":{"line":92,"column":0},"end":{"line":92,"column":52}},"92":{"start":{"line":93,"column":0},"end":{"line":93,"column":34}},"93":{"start":{"line":94,"column":0},"end":{"line":94,"column":49}},"94":{"start":{"line":95,"column":0},"end":{"line":95,"column":17}},"95":{"start":{"line":96,"column":0},"end":{"line":96,"column":17}},"96":{"start":{"line":97,"column":0},"end":{"line":97,"column":15}},"97":{"start":{"line":98,"column":0},"end":{"line":98,"column":43}},"98":{"start":{"line":99,"column":0},"end":{"line":99,"column":45}},"99":{"start":{"line":100,"column":0},"end":{"line":100,"column":46}},"100":{"start":{"line":101,"column":0},"end":{"line":101,"column":62}},"101":{"start":{"line":102,"column":0},"end":{"line":102,"column":10}},"102":{"start":{"line":103,"column":0},"end":{"line":103,"column":17}},"103":{"start":{"line":104,"column":0},"end":{"line":104,"column":43}},"104":{"start":{"line":105,"column":0},"end":{"line":105,"column":45}},"105":{"start":{"line":106,"column":0},"end":{"line":106,"column":46}},"106":{"start":{"line":107,"column":0},"end":{"line":107,"column":10}},"107":{"start":{"line":108,"column":0},"end":{"line":108,"column":9}},"108":{"start":{"line":109,"column":0},"end":{"line":109,"column":15}},"109":{"start":{"line":110,"column":0},"end":{"line":110,"column":5}},"112":{"start":{"line":113,"column":0},"end":{"line":113,"column":9}},"113":{"start":{"line":114,"column":0},"end":{"line":114,"column":70}},"114":{"start":{"line":115,"column":0},"end":{"line":115,"column":26}},"115":{"start":{"line":116,"column":0},"end":{"line":116,"column":24}},"116":{"start":{"line":117,"column":0},"end":{"line":117,"column":9}},"118":{"start":{"line":119,"column":0},"end":{"line":119,"column":68}},"119":{"start":{"line":120,"column":0},"end":{"line":120,"column":60}},"120":{"start":{"line":121,"column":0},"end":{"line":121,"column":50}},"121":{"start":{"line":122,"column":0},"end":{"line":122,"column":63}},"122":{"start":{"line":123,"column":0},"end":{"line":123,"column":55}},"123":{"start":{"line":124,"column":0},"end":{"line":124,"column":46}},"124":{"start":{"line":125,"column":0},"end":{"line":125,"column":60}},"125":{"start":{"line":126,"column":0},"end":{"line":126,"column":66}},"126":{"start":{"line":127,"column":0},"end":{"line":127,"column":81}},"127":{"start":{"line":128,"column":0},"end":{"line":128,"column":50}},"128":{"start":{"line":129,"column":0},"end":{"line":129,"column":11}},"129":{"start":{"line":130,"column":0},"end":{"line":130,"column":9}},"130":{"start":{"line":131,"column":0},"end":{"line":131,"column":57}},"131":{"start":{"line":132,"column":0},"end":{"line":132,"column":56}},"132":{"start":{"line":133,"column":0},"end":{"line":133,"column":42}},"133":{"start":{"line":134,"column":0},"end":{"line":134,"column":36}},"134":{"start":{"line":135,"column":0},"end":{"line":135,"column":54}},"135":{"start":{"line":136,"column":0},"end":{"line":136,"column":13}},"136":{"start":{"line":137,"column":0},"end":{"line":137,"column":9}},"137":{"start":{"line":138,"column":0},"end":{"line":138,"column":7}},"138":{"start":{"line":139,"column":0},"end":{"line":139,"column":13}},"140":{"start":{"line":141,"column":0},"end":{"line":141,"column":5}},"142":{"start":{"line":143,"column":0},"end":{"line":143,"column":36}},"143":{"start":{"line":144,"column":0},"end":{"line":144,"column":28}},"144":{"start":{"line":145,"column":0},"end":{"line":145,"column":41}},"145":{"start":{"line":146,"column":0},"end":{"line":146,"column":7}},"147":{"start":{"line":148,"column":0},"end":{"line":148,"column":57}},"148":{"start":{"line":149,"column":0},"end":{"line":149,"column":11}},"149":{"start":{"line":150,"column":0},"end":{"line":150,"column":78}},"150":{"start":{"line":151,"column":0},"end":{"line":151,"column":3}},"151":{"start":{"line":152,"column":0},"end":{"line":152,"column":1}}},"s":{"0":1,"8":3,"9":3,"10":3,"11":3,"12":3,"13":3,"14":3,"15":3,"17":8,"18":8,"19":8,"20":7,"22":7,"23":7,"25":7,"26":7,"27":7,"28":8,"29":3,"30":3,"33":4,"34":1,"35":3,"37":8,"38":8,"41":8,"42":8,"43":1,"44":1,"47":3,"48":3,"49":3,"50":3,"51":7,"52":1,"53":3,"54":3,"55":3,"56":1,"59":3,"60":3,"61":3,"62":3,"63":7,"64":1,"65":1,"66":1,"67":1,"68":1,"69":1,"72":3,"75":3,"76":3,"77":7,"78":1,"79":1,"80":1,"81":1,"82":1,"83":1,"84":1,"87":3,"89":3,"90":7,"91":2,"92":2,"93":2,"94":2,"95":2,"96":2,"97":2,"98":2,"99":2,"100":2,"101":2,"102":2,"103":2,"104":2,"105":2,"106":2,"107":2,"108":2,"109":2,"112":3,"113":3,"114":3,"115":3,"116":3,"118":8,"119":0,"120":0,"121":0,"122":0,"123":0,"124":0,"125":0,"126":0,"127":0,"128":0,"129":0,"130":0,"131":0,"132":0,"133":0,"134":0,"135":0,"136":0,"137":0,"138":8,"140":0,"142":3,"143":3,"144":3,"145":3,"147":3,"148":7,"149":0,"150":0,"151":8},"branchMap":{"0":{"type":"branch","line":9,"loc":{"start":{"line":9,"column":0},"end":{"line":16,"column":1}},"locations":[{"start":{"line":9,"column":0},"end":{"line":16,"column":1}}]},"1":{"type":"branch","line":13,"loc":{"start":{"line":13,"column":29},"end":{"line":13,"column":39}},"locations":[{"start":{"line":13,"column":29},"end":{"line":13,"column":39}}]},"2":{"type":"branch","line":18,"loc":{"start":{"line":18,"column":0},"end":{"line":152,"column":1}},"locations":[{"start":{"line":18,"column":0},"end":{"line":152,"column":1}}]},"3":{"type":"branch","line":20,"loc":{"start":{"line":20,"column":38},"end":{"line":20,"column":56}},"locations":[{"start":{"line":20,"column":38},"end":{"line":20,"column":56}}]},"4":{"type":"branch","line":20,"loc":{"start":{"line":20,"column":45},"end":{"line":29,"column":15}},"locations":[{"start":{"line":20,"column":45},"end":{"line":29,"column":15}}]},"5":{"type":"branch","line":29,"loc":{"start":{"line":29,"column":15},"end":{"line":31,"column":5}},"locations":[{"start":{"line":29,"column":15},"end":{"line":31,"column":5}}]},"6":{"type":"branch","line":31,"loc":{"start":{"line":31,"column":4},"end":{"line":35,"column":39}},"locations":[{"start":{"line":31,"column":4},"end":{"line":35,"column":39}}]},"7":{"type":"branch","line":31,"loc":{"start":{"line":31,"column":4},"end":{"line":34,"column":35}},"locations":[{"start":{"line":31,"column":4},"end":{"line":34,"column":35}}]},"8":{"type":"branch","line":34,"loc":{"start":{"line":34,"column":23},"end":{"line":35,"column":39}},"locations":[{"start":{"line":34,"column":23},"end":{"line":35,"column":39}}]},"9":{"type":"branch","line":35,"loc":{"start":{"line":35,"column":38},"end":{"line":36,"column":70}},"locations":[{"start":{"line":35,"column":38},"end":{"line":36,"column":70}}]},"10":{"type":"branch","line":42,"loc":{"start":{"line":42,"column":64},"end":{"line":43,"column":44}},"locations":[{"start":{"line":42,"column":64},"end":{"line":43,"column":44}}]},"11":{"type":"branch","line":42,"loc":{"start":{"line":42,"column":64},"end":{"line":43,"column":36}},"locations":[{"start":{"line":42,"column":64},"end":{"line":43,"column":36}}]},"12":{"type":"branch","line":43,"loc":{"start":{"line":43,"column":23},"end":{"line":43,"column":44}},"locations":[{"start":{"line":43,"column":23},"end":{"line":43,"column":44}}]},"13":{"type":"branch","line":43,"loc":{"start":{"line":43,"column":49},"end":{"line":119,"column":67}},"locations":[{"start":{"line":43,"column":49},"end":{"line":119,"column":67}}]},"14":{"type":"branch","line":43,"loc":{"start":{"line":43,"column":49},"end":{"line":45,"column":5}},"locations":[{"start":{"line":43,"column":49},"end":{"line":45,"column":5}}]},"15":{"type":"branch","line":45,"loc":{"start":{"line":45,"column":4},"end":{"line":52,"column":7}},"locations":[{"start":{"line":45,"column":4},"end":{"line":52,"column":7}}]},"16":{"type":"branch","line":52,"loc":{"start":{"line":52,"column":7},"end":{"line":57,"column":5}},"locations":[{"start":{"line":52,"column":7},"end":{"line":57,"column":5}}]},"17":{"type":"branch","line":53,"loc":{"start":{"line":53,"column":38},"end":{"line":56,"column":7}},"locations":[{"start":{"line":53,"column":38},"end":{"line":56,"column":7}}]},"18":{"type":"branch","line":57,"loc":{"start":{"line":57,"column":4},"end":{"line":64,"column":7}},"locations":[{"start":{"line":57,"column":4},"end":{"line":64,"column":7}}]},"19":{"type":"branch","line":64,"loc":{"start":{"line":64,"column":7},"end":{"line":70,"column":5}},"locations":[{"start":{"line":64,"column":7},"end":{"line":70,"column":5}}]},"20":{"type":"branch","line":66,"loc":{"start":{"line":66,"column":28},"end":{"line":66,"column":37}},"locations":[{"start":{"line":66,"column":28},"end":{"line":66,"column":37}}]},"21":{"type":"branch","line":67,"loc":{"start":{"line":67,"column":55},"end":{"line":67,"column":61}},"locations":[{"start":{"line":67,"column":55},"end":{"line":67,"column":61}}]},"22":{"type":"branch","line":68,"loc":{"start":{"line":68,"column":57},"end":{"line":68,"column":75}},"locations":[{"start":{"line":68,"column":57},"end":{"line":68,"column":75}}]},"23":{"type":"branch","line":70,"loc":{"start":{"line":70,"column":4},"end":{"line":78,"column":29}},"locations":[{"start":{"line":70,"column":4},"end":{"line":78,"column":29}}]},"24":{"type":"branch","line":78,"loc":{"start":{"line":78,"column":29},"end":{"line":85,"column":5}},"locations":[{"start":{"line":78,"column":29},"end":{"line":85,"column":5}}]},"25":{"type":"branch","line":85,"loc":{"start":{"line":85,"column":4},"end":{"line":91,"column":28}},"locations":[{"start":{"line":85,"column":4},"end":{"line":91,"column":28}}]},"26":{"type":"branch","line":91,"loc":{"start":{"line":91,"column":28},"end":{"line":110,"column":5}},"locations":[{"start":{"line":91,"column":28},"end":{"line":110,"column":5}}]},"27":{"type":"branch","line":98,"loc":{"start":{"line":98,"column":36},"end":{"line":98,"column":43}},"locations":[{"start":{"line":98,"column":36},"end":{"line":98,"column":43}}]},"28":{"type":"branch","line":99,"loc":{"start":{"line":99,"column":38},"end":{"line":99,"column":45}},"locations":[{"start":{"line":99,"column":38},"end":{"line":99,"column":45}}]},"29":{"type":"branch","line":100,"loc":{"start":{"line":100,"column":39},"end":{"line":100,"column":46}},"locations":[{"start":{"line":100,"column":39},"end":{"line":100,"column":46}}]},"30":{"type":"branch","line":104,"loc":{"start":{"line":104,"column":36},"end":{"line":104,"column":43}},"locations":[{"start":{"line":104,"column":36},"end":{"line":104,"column":43}}]},"31":{"type":"branch","line":105,"loc":{"start":{"line":105,"column":38},"end":{"line":105,"column":45}},"locations":[{"start":{"line":105,"column":38},"end":{"line":105,"column":45}}]},"32":{"type":"branch","line":106,"loc":{"start":{"line":106,"column":39},"end":{"line":106,"column":46}},"locations":[{"start":{"line":106,"column":39},"end":{"line":106,"column":46}}]},"33":{"type":"branch","line":110,"loc":{"start":{"line":110,"column":4},"end":{"line":119,"column":37}},"locations":[{"start":{"line":110,"column":4},"end":{"line":119,"column":37}}]},"34":{"type":"branch","line":119,"loc":{"start":{"line":119,"column":30},"end":{"line":119,"column":67}},"locations":[{"start":{"line":119,"column":30},"end":{"line":119,"column":67}}]},"35":{"type":"branch","line":119,"loc":{"start":{"line":119,"column":67},"end":{"line":138,"column":7}},"locations":[{"start":{"line":119,"column":67},"end":{"line":138,"column":7}}]},"36":{"type":"branch","line":139,"loc":{"start":{"line":139,"column":4},"end":{"line":151,"column":3}},"locations":[{"start":{"line":139,"column":4},"end":{"line":151,"column":3}}]},"37":{"type":"branch","line":139,"loc":{"start":{"line":139,"column":4},"end":{"line":141,"column":5}},"locations":[{"start":{"line":139,"column":4},"end":{"line":141,"column":5}}]},"38":{"type":"branch","line":141,"loc":{"start":{"line":141,"column":4},"end":{"line":149,"column":10}},"locations":[{"start":{"line":141,"column":4},"end":{"line":149,"column":10}}]},"39":{"type":"branch","line":149,"loc":{"start":{"line":149,"column":2},"end":{"line":151,"column":3}},"locations":[{"start":{"line":149,"column":2},"end":{"line":151,"column":3}}]}},"b":{"0":[3],"1":[2],"2":[8],"3":[1],"4":[7],"5":[3],"6":[7],"7":[4],"8":[1],"9":[3],"10":[7],"11":[4],"12":[0],"13":[7],"14":[1],"15":[3],"16":[1],"17":[3],"18":[3],"19":[1],"20":[0],"21":[0],"22":[0],"23":[3],"24":[1],"25":[3],"26":[2],"27":[0],"28":[1],"29":[1],"30":[0],"31":[1],"32":[1],"33":[3],"34":[0],"35":[0],"36":[7],"37":[0],"38":[3],"39":[0]},"fnMap":{"0":{"name":"commitsByDay","decl":{"start":{"line":9,"column":0},"end":{"line":16,"column":1}},"loc":{"start":{"line":9,"column":0},"end":{"line":16,"column":1}},"line":9},"1":{"name":"POST","decl":{"start":{"line":18,"column":0},"end":{"line":152,"column":1}},"loc":{"start":{"line":18,"column":0},"end":{"line":152,"column":1}},"line":18}},"f":{"0":3,"1":8}}
,"/Users/sathishmahamuni/ClaudeWorkspace/ai-dev-certification-exercises/Dev-Pulse/src/app/api/repos/connect/route.ts": {"path":"/Users/sathishmahamuni/ClaudeWorkspace/ai-dev-certification-exercises/Dev-Pulse/src/app/api/repos/connect/route.ts","all":false,"statementMap":{"0":{"start":{"line":1,"column":0},"end":{"line":1,"column":38}},"5":{"start":{"line":6,"column":0},"end":{"line":6,"column":34}},"6":{"start":{"line":7,"column":0},"end":{"line":7,"column":16}},"7":{"start":{"line":8,"column":0},"end":{"line":8,"column":15}},"8":{"start":{"line":9,"column":0},"end":{"line":9,"column":13}},"9":{"start":{"line":10,"column":0},"end":{"line":10,"column":59}},"11":{"start":{"line":12,"column":0},"end":{"line":12,"column":54}},"12":{"start":{"line":13,"column":0},"end":{"line":13,"column":79}},"13":{"start":{"line":14,"column":0},"end":{"line":14,"column":3}},"15":{"start":{"line":16,"column":0},"end":{"line":16,"column":7}},"16":{"start":{"line":17,"column":0},"end":{"line":17,"column":78}},"17":{"start":{"line":18,"column":0},"end":{"line":18,"column":16}},"18":{"start":{"line":19,"column":0},"end":{"line":19,"column":39}},"19":{"start":{"line":20,"column":0},"end":{"line":20,"column":46}},"20":{"start":{"line":21,"column":0},"end":{"line":21,"column":45}},"21":{"start":{"line":22,"column":0},"end":{"line":22,"column":8}},"22":{"start":{"line":23,"column":0},"end":{"line":23,"column":7}},"23":{"start":{"line":24,"column":0},"end":{"line":24,"column":29}},"24":{"start":{"line":25,"column":0},"end":{"line":25,"column":73}},"25":{"start":{"line":26,"column":0},"end":{"line":26,"column":67}},"26":{"start":{"line":27,"column":0},"end":{"line":27,"column":11}},"27":{"start":{"line":28,"column":0},"end":{"line":28,"column":16}},"28":{"start":{"line":29,"column":0},"end":{"line":29,"column":3}},"29":{"start":{"line":30,"column":0},"end":{"line":30,"column":1}},"31":{"start":{"line":32,"column":0},"end":{"line":32,"column":61}},"32":{"start":{"line":33,"column":0},"end":{"line":33,"column":44}},"33":{"start":{"line":34,"column":0},"end":{"line":34,"column":56}},"34":{"start":{"line":35,"column":0},"end":{"line":35,"column":30}},"36":{"start":{"line":37,"column":0},"end":{"line":37,"column":7}},"37":{"start":{"line":38,"column":0},"end":{"line":38,"column":34}},"38":{"start":{"line":39,"column":0},"end":{"line":39,"column":53}},"39":{"start":{"line":40,"column":0},"end":{"line":40,"column":26}},"40":{"start":{"line":41,"column":0},"end":{"line":41,"column":79}},"41":{"start":{"line":42,"column":0},"end":{"line":42,"column":5}},"43":{"start":{"line":44,"column":0},"end":{"line":44,"column":45}},"45":{"start":{"line":46,"column":0},"end":{"line":46,"column":62}},"46":{"start":{"line":47,"column":0},"end":{"line":47,"column":18}},"47":{"start":{"line":48,"column":0},"end":{"line":48,"column":27}},"48":{"start":{"line":49,"column":0},"end":{"line":49,"column":70}},"49":{"start":{"line":50,"column":0},"end":{"line":50,"column":23}},"50":{"start":{"line":51,"column":0},"end":{"line":51,"column":8}},"51":{"start":{"line":52,"column":0},"end":{"line":52,"column":5}},"53":{"start":{"line":54,"column":0},"end":{"line":54,"column":56}},"54":{"start":{"line":55,"column":0},"end":{"line":55,"column":60}},"55":{"start":{"line":56,"column":0},"end":{"line":56,"column":7}},"56":{"start":{"line":57,"column":0},"end":{"line":57,"column":19}},"57":{"start":{"line":58,"column":0},"end":{"line":58,"column":27}},"58":{"start":{"line":59,"column":0},"end":{"line":59,"column":50}},"59":{"start":{"line":60,"column":0},"end":{"line":60,"column":23}},"60":{"start":{"line":61,"column":0},"end":{"line":61,"column":8}},"61":{"start":{"line":62,"column":0},"end":{"line":62,"column":5}},"63":{"start":{"line":64,"column":0},"end":{"line":64,"column":49}},"64":{"start":{"line":65,"column":0},"end":{"line":65,"column":13}},"65":{"start":{"line":66,"column":0},"end":{"line":66,"column":34}},"66":{"start":{"line":67,"column":0},"end":{"line":67,"column":14}},"67":{"start":{"line":68,"column":0},"end":{"line":68,"column":13}},"68":{"start":{"line":69,"column":0},"end":{"line":69,"column":34}},"69":{"start":{"line":70,"column":0},"end":{"line":70,"column":38}},"70":{"start":{"line":71,"column":0},"end":{"line":71,"column":24}},"71":{"start":{"line":72,"column":0},"end":{"line":72,"column":8}},"72":{"start":{"line":73,"column":0},"end":{"line":73,"column":15}},"73":{"start":{"line":74,"column":0},"end":{"line":74,"column":17}},"74":{"start":{"line":75,"column":0},"end":{"line":75,"column":20}},"75":{"start":{"line":76,"column":0},"end":{"line":76,"column":19}},"76":{"start":{"line":77,"column":0},"end":{"line":77,"column":23}},"77":{"start":{"line":78,"column":0},"end":{"line":78,"column":27}},"78":{"start":{"line":79,"column":0},"end":{"line":79,"column":24}},"79":{"start":{"line":80,"column":0},"end":{"line":80,"column":8}},"80":{"start":{"line":81,"column":0},"end":{"line":81,"column":7}},"82":{"start":{"line":83,"column":0},"end":{"line":83,"column":52}},"83":{"start":{"line":84,"column":0},"end":{"line":84,"column":11}},"84":{"start":{"line":85,"column":0},"end":{"line":85,"column":78}},"85":{"start":{"line":86,"column":0},"end":{"line":86,"column":3}},"86":{"start":{"line":87,"column":0},"end":{"line":87,"column":1}}},"s":{"0":1,"5":10,"6":10,"7":10,"8":10,"9":10,"11":10,"12":7,"13":7,"15":3,"16":3,"17":3,"18":3,"19":3,"20":3,"21":3,"22":3,"23":5,"24":1,"25":1,"26":1,"27":1,"28":1,"29":10,"31":13,"32":13,"33":13,"34":12,"36":12,"37":12,"38":12,"39":13,"40":2,"41":2,"43":10,"45":10,"46":13,"47":2,"48":2,"49":2,"50":2,"51":2,"53":8,"54":8,"55":8,"56":13,"57":1,"58":1,"59":1,"60":1,"61":1,"63":7,"64":7,"65":7,"66":7,"67":7,"68":7,"69":7,"70":7,"71":7,"72":7,"73":7,"74":7,"75":7,"76":7,"77":7,"78":7,"79":7,"80":7,"82":7,"83":13,"84":0,"85":0,"86":13},"branchMap":{"0":{"type":"branch","line":6,"loc":{"start":{"line":6,"column":0},"end":{"line":30,"column":1}},"locations":[{"start":{"line":6,"column":0},"end":{"line":30,"column":1}}]},"1":{"type":"branch","line":12,"loc":{"start":{"line":12,"column":53},"end":{"line":14,"column":3}},"locations":[{"start":{"line":12,"column":53},"end":{"line":14,"column":3}}]},"2":{"type":"branch","line":14,"loc":{"start":{"line":14,"column":2},"end":{"line":29,"column":3}},"locations":[{"start":{"line":14,"column":2},"end":{"line":29,"column":3}}]},"3":{"type":"branch","line":14,"loc":{"start":{"line":14,"column":2},"end":{"line":23,"column":7}},"locations":[{"start":{"line":14,"column":2},"end":{"line":23,"column":7}}]},"4":{"type":"branch","line":23,"loc":{"start":{"line":23,"column":5},"end":{"line":24,"column":24}},"locations":[{"start":{"line":23,"column":5},"end":{"line":24,"column":24}}]},"5":{"type":"branch","line":24,"loc":{"start":{"line":24,"column":17},"end":{"line":29,"column":3}},"locations":[{"start":{"line":24,"column":17},"end":{"line":29,"column":3}}]},"6":{"type":"branch","line":32,"loc":{"start":{"line":32,"column":0},"end":{"line":87,"column":1}},"locations":[{"start":{"line":32,"column":0},"end":{"line":87,"column":1}}]},"7":{"type":"branch","line":34,"loc":{"start":{"line":34,"column":38},"end":{"line":34,"column":56}},"locations":[{"start":{"line":34,"column":38},"end":{"line":34,"column":56}}]},"8":{"type":"branch","line":34,"loc":{"start":{"line":34,"column":45},"end":{"line":40,"column":25}},"locations":[{"start":{"line":34,"column":45},"end":{"line":40,"column":25}}]},"9":{"type":"branch","line":40,"loc":{"start":{"line":40,"column":25},"end":{"line":42,"column":5}},"locations":[{"start":{"line":40,"column":25},"end":{"line":42,"column":5}}]},"10":{"type":"branch","line":42,"loc":{"start":{"line":42,"column":4},"end":{"line":47,"column":17}},"locations":[{"start":{"line":42,"column":4},"end":{"line":47,"column":17}}]},"11":{"type":"branch","line":47,"loc":{"start":{"line":47,"column":17},"end":{"line":52,"column":5}},"locations":[{"start":{"line":47,"column":17},"end":{"line":52,"column":5}}]},"12":{"type":"branch","line":52,"loc":{"start":{"line":52,"column":4},"end":{"line":57,"column":18}},"locations":[{"start":{"line":52,"column":4},"end":{"line":57,"column":18}}]},"13":{"type":"branch","line":57,"loc":{"start":{"line":57,"column":18},"end":{"line":62,"column":5}},"locations":[{"start":{"line":57,"column":18},"end":{"line":62,"column":5}}]},"14":{"type":"branch","line":62,"loc":{"start":{"line":62,"column":4},"end":{"line":84,"column":10}},"locations":[{"start":{"line":62,"column":4},"end":{"line":84,"column":10}}]},"15":{"type":"branch","line":84,"loc":{"start":{"line":84,"column":2},"end":{"line":86,"column":3}},"locations":[{"start":{"line":84,"column":2},"end":{"line":86,"column":3}}]}},"b":{"0":[10],"1":[7],"2":[5],"3":[3],"4":[2],"5":[1],"6":[13],"7":[1],"8":[12],"9":[2],"10":[10],"11":[2],"12":[8],"13":[1],"14":[7],"15":[0]},"fnMap":{"0":{"name":"validateGitHubRepo","decl":{"start":{"line":6,"column":0},"end":{"line":30,"column":1}},"loc":{"start":{"line":6,"column":0},"end":{"line":30,"column":1}},"line":6},"1":{"name":"POST","decl":{"start":{"line":32,"column":0},"end":{"line":87,"column":1}},"loc":{"start":{"line":32,"column":0},"end":{"line":87,"column":1}},"line":32}},"f":{"0":10,"1":13}}
,"/Users/sathishmahamuni/ClaudeWorkspace/ai-dev-certification-exercises/Dev-Pulse/src/app/api/repos/search/route.ts": {"path":"/Users/sathishmahamuni/ClaudeWorkspace/ai-dev-certification-exercises/Dev-Pulse/src/app/api/repos/search/route.ts","all":false,"statementMap":{"0":{"start":{"line":1,"column":0},"end":{"line":1,"column":41}},"15":{"start":{"line":16,"column":0},"end":{"line":16,"column":28}},"16":{"start":{"line":17,"column":0},"end":{"line":17,"column":64}},"17":{"start":{"line":18,"column":0},"end":{"line":18,"column":2}},"19":{"start":{"line":20,"column":0},"end":{"line":20,"column":60}},"20":{"start":{"line":21,"column":0},"end":{"line":21,"column":44}},"21":{"start":{"line":22,"column":0},"end":{"line":22,"column":56}},"23":{"start":{"line":24,"column":0},"end":{"line":24,"column":30}},"24":{"start":{"line":25,"column":0},"end":{"line":25,"column":83}},"25":{"start":{"line":26,"column":0},"end":{"line":26,"column":17}},"26":{"start":{"line":27,"column":0},"end":{"line":27,"column":25}},"27":{"start":{"line":28,"column":0},"end":{"line":28,"column":37}},"28":{"start":{"line":29,"column":0},"end":{"line":29,"column":72}},"29":{"start":{"line":30,"column":0},"end":{"line":30,"column":6}},"30":{"start":{"line":31,"column":0},"end":{"line":31,"column":3}},"32":{"start":{"line":33,"column":0},"end":{"line":33,"column":44}},"33":{"start":{"line":34,"column":0},"end":{"line":34,"column":48}},"35":{"start":{"line":36,"column":0},"end":{"line":36,"column":27}},"36":{"start":{"line":37,"column":0},"end":{"line":37,"column":40}},"37":{"start":{"line":38,"column":0},"end":{"line":38,"column":3}},"39":{"start":{"line":40,"column":0},"end":{"line":40,"column":7}},"40":{"start":{"line":41,"column":0},"end":{"line":41,"column":54}},"41":{"start":{"line":42,"column":0},"end":{"line":42,"column":8}},"42":{"start":{"line":43,"column":0},"end":{"line":43,"column":18}},"43":{"start":{"line":44,"column":0},"end":{"line":44,"column":20}},"44":{"start":{"line":45,"column":0},"end":{"line":45,"column":20}},"45":{"start":{"line":46,"column":0},"end":{"line":46,"column":7}},"47":{"start":{"line":48,"column":0},"end":{"line":48,"column":62}},"48":{"start":{"line":49,"column":0},"end":{"line":49,"column":28}},"49":{"start":{"line":50,"column":0},"end":{"line":50,"column":34}},"50":{"start":{"line":51,"column":0},"end":{"line":51,"column":19}},"51":{"start":{"line":52,"column":0},"end":{"line":52,"column":41}},"52":{"start":{"line":53,"column":0},"end":{"line":53,"column":37}},"53":{"start":{"line":54,"column":0},"end":{"line":54,"column":27}},"54":{"start":{"line":55,"column":0},"end":{"line":55,"column":8}},"56":{"start":{"line":57,"column":0},"end":{"line":57,"column":36}},"57":{"start":{"line":58,"column":0},"end":{"line":58,"column":11}},"58":{"start":{"line":59,"column":0},"end":{"line":59,"column":40}},"59":{"start":{"line":60,"column":0},"end":{"line":60,"column":3}},"60":{"start":{"line":61,"column":0},"end":{"line":61,"column":1}}},"s":{"0":1,"15":1,"16":1,"17":1,"19":28,"20":28,"21":28,"23":27,"24":27,"25":28,"26":1,"27":1,"28":1,"29":1,"30":1,"32":26,"33":28,"35":28,"36":3,"37":3,"39":23,"40":23,"41":23,"42":23,"43":23,"44":23,"45":23,"47":22,"48":2,"49":2,"50":2,"51":2,"52":2,"53":2,"54":22,"56":22,"57":28,"58":1,"59":1,"60":28},"branchMap":{"0":{"type":"branch","line":17,"loc":{"start":{"line":17,"column":14},"end":{"line":17,"column":62}},"locations":[{"start":{"line":17,"column":14},"end":{"line":17,"column":62}}]},"1":{"type":"branch","line":20,"loc":{"start":{"line":20,"column":0},"end":{"line":61,"column":1}},"locations":[{"start":{"line":20,"column":0},"end":{"line":61,"column":1}}]},"2":{"type":"branch","line":22,"loc":{"start":{"line":22,"column":38},"end":{"line":22,"column":56}},"locations":[{"start":{"line":22,"column":38},"end":{"line":22,"column":56}}]},"3":{"type":"branch","line":22,"loc":{"start":{"line":22,"column":45},"end":{"line":26,"column":16}},"locations":[{"start":{"line":22,"column":45},"end":{"line":26,"column":16}}]},"4":{"type":"branch","line":26,"loc":{"start":{"line":26,"column":16},"end":{"line":31,"column":3}},"locations":[{"start":{"line":26,"column":16},"end":{"line":31,"column":3}}]},"5":{"type":"branch","line":31,"loc":{"start":{"line":31,"column":2},"end":{"line":34,"column":35}},"locations":[{"start":{"line":31,"column":2},"end":{"line":34,"column":35}}]},"6":{"type":"branch","line":34,"loc":{"start":{"line":34,"column":32},"end":{"line":34,"column":40}},"locations":[{"start":{"line":34,"column":32},"end":{"line":34,"column":40}}]},"7":{"type":"branch","line":34,"loc":{"start":{"line":34,"column":40},"end":{"line":34,"column":48}},"locations":[{"start":{"line":34,"column":40},"end":{"line":34,"column":48}}]},"8":{"type":"branch","line":36,"loc":{"start":{"line":36,"column":7},"end":{"line":36,"column":26}},"locations":[{"start":{"line":36,"column":7},"end":{"line":36,"column":26}}]},"9":{"type":"branch","line":36,"loc":{"start":{"line":36,"column":26},"end":{"line":38,"column":3}},"locations":[{"start":{"line":36,"column":26},"end":{"line":38,"column":3}}]},"10":{"type":"branch","line":38,"loc":{"start":{"line":38,"column":2},"end":{"line":46,"column":7}},"locations":[{"start":{"line":38,"column":2},"end":{"line":46,"column":7}}]},"11":{"type":"branch","line":46,"loc":{"start":{"line":46,"column":5},"end":{"line":58,"column":10}},"locations":[{"start":{"line":46,"column":5},"end":{"line":58,"column":10}}]},"12":{"type":"branch","line":58,"loc":{"start":{"line":58,"column":2},"end":{"line":60,"column":3}},"locations":[{"start":{"line":58,"column":2},"end":{"line":60,"column":3}}]},"13":{"type":"branch","line":48,"loc":{"start":{"line":48,"column":53},"end":{"line":55,"column":6}},"locations":[{"start":{"line":48,"column":53},"end":{"line":55,"column":6}}]},"14":{"type":"branch","line":50,"loc":{"start":{"line":50,"column":15},"end":{"line":50,"column":31}},"locations":[{"start":{"line":50,"column":15},"end":{"line":50,"column":31}}]},"15":{"type":"branch","line":50,"loc":{"start":{"line":50,"column":22},"end":{"line":50,"column":34}},"locations":[{"start":{"line":50,"column":22},"end":{"line":50,"column":34}}]},"16":{"type":"branch","line":52,"loc":{"start":{"line":52,"column":21},"end":{"line":52,"column":41}},"locations":[{"start":{"line":52,"column":21},"end":{"line":52,"column":41}}]},"17":{"type":"branch","line":53,"loc":{"start":{"line":53,"column":15},"end":{"line":53,"column":37}},"locations":[{"start":{"line":53,"column":15},"end":{"line":53,"column":37}}]}},"b":{"0":[0],"1":[28],"2":[1],"3":[27],"4":[1],"5":[26],"6":[25],"7":[1],"8":[24],"9":[3],"10":[23],"11":[22],"12":[1],"13":[2],"14":[1],"15":[1],"16":[1],"17":[0]},"fnMap":{"0":{"name":"GET","decl":{"start":{"line":20,"column":0},"end":{"line":61,"column":1}},"loc":{"start":{"line":20,"column":0},"end":{"line":61,"column":1}},"line":20}},"f":{"0":28}}
,"/Users/sathishmahamuni/ClaudeWorkspace/ai-dev-certification-exercises/Dev-Pulse/src/lib/auth.ts": {"path":"/Users/sathishmahamuni/ClaudeWorkspace/ai-dev-certification-exercises/Dev-Pulse/src/lib/auth.ts","all":false,"statementMap":{"0":{"start":{"line":1,"column":0},"end":{"line":1,"column":33}},"4":{"start":{"line":5,"column":0},"end":{"line":5,"column":50}},"5":{"start":{"line":6,"column":0},"end":{"line":6,"column":52}},"6":{"start":{"line":7,"column":0},"end":{"line":7,"column":18}},"7":{"start":{"line":8,"column":0},"end":{"line":8,"column":74}},"8":{"start":{"line":9,"column":0},"end":{"line":9,"column":4}},"9":{"start":{"line":10,"column":0},"end":{"line":10,"column":1}},"11":{"start":{"line":12,"column":0},"end":{"line":12,"column":69}},"13":{"start":{"line":14,"column":0},"end":{"line":14,"column":41}},"14":{"start":{"line":15,"column":0},"end":{"line":15,"column":29}},"15":{"start":{"line":16,"column":0},"end":{"line":16,"column":1}},"17":{"start":{"line":18,"column":0},"end":{"line":18,"column":48}},"18":{"start":{"line":19,"column":0},"end":{"line":19,"column":63}},"19":{"start":{"line":20,"column":0},"end":{"line":20,"column":1}},"25":{"start":{"line":26,"column":0},"end":{"line":26,"column":37}},"26":{"start":{"line":27,"column":0},"end":{"line":27,"column":27}},"27":{"start":{"line":28,"column":0},"end":{"line":28,"column":25}},"28":{"start":{"line":29,"column":0},"end":{"line":29,"column":54}},"30":{"start":{"line":31,"column":0},"end":{"line":31,"column":41}},"31":{"start":{"line":32,"column":0},"end":{"line":32,"column":24}},"33":{"start":{"line":34,"column":0},"end":{"line":34,"column":32}},"35":{"start":{"line":36,"column":0},"end":{"line":36,"column":50}},"36":{"start":{"line":37,"column":0},"end":{"line":37,"column":12}},"37":{"start":{"line":38,"column":0},"end":{"line":38,"column":20}},"38":{"start":{"line":39,"column":0},"end":{"line":39,"column":36}},"39":{"start":{"line":40,"column":0},"end":{"line":40,"column":6}},"40":{"start":{"line":41,"column":0},"end":{"line":41,"column":28}},"41":{"start":{"line":42,"column":0},"end":{"line":42,"column":5}},"43":{"start":{"line":44,"column":0},"end":{"line":44,"column":31}},"44":{"start":{"line":45,"column":0},"end":{"line":45,"column":1}},"50":{"start":{"line":51,"column":0},"end":{"line":51,"column":34}},"51":{"start":{"line":52,"column":0},"end":{"line":52,"column":14}},"52":{"start":{"line":53,"column":0},"end":{"line":53,"column":39}},"53":{"start":{"line":54,"column":0},"end":{"line":54,"column":70}},"54":{"start":{"line":55,"column":0},"end":{"line":55,"column":14}},"55":{"start":{"line":56,"column":0},"end":{"line":56,"column":25}},"56":{"start":{"line":57,"column":0},"end":{"line":57,"column":43}},"57":{"start":{"line":58,"column":0},"end":{"line":58,"column":21}},"58":{"start":{"line":59,"column":0},"end":{"line":59,"column":6}},"59":{"start":{"line":60,"column":0},"end":{"line":60,"column":3}},"60":{"start":{"line":61,"column":0},"end":{"line":61,"column":18}},"61":{"start":{"line":62,"column":0},"end":{"line":62,"column":1}}},"s":{"0":1,"4":1,"5":1,"6":0,"7":0,"8":0,"9":0,"11":1,"13":1,"14":25,"15":25,"17":1,"18":99,"19":99,"25":71,"26":71,"27":71,"28":71,"30":64,"31":71,"33":64,"35":64,"36":64,"37":64,"38":64,"39":64,"40":64,"41":64,"43":71,"44":71,"50":71,"51":71,"52":71,"53":71,"54":71,"55":10,"56":10,"57":10,"58":10,"59":10,"60":61,"61":61},"branchMap":{"0":{"type":"branch","line":6,"loc":{"start":{"line":6,"column":51},"end":{"line":10,"column":1}},"locations":[{"start":{"line":6,"column":51},"end":{"line":10,"column":1}}]},"1":{"type":"branch","line":14,"loc":{"start":{"line":14,"column":7},"end":{"line":16,"column":1}},"locations":[{"start":{"line":14,"column":7},"end":{"line":16,"column":1}}]},"2":{"type":"branch","line":18,"loc":{"start":{"line":18,"column":7},"end":{"line":20,"column":1}},"locations":[{"start":{"line":18,"column":7},"end":{"line":20,"column":1}}]},"3":{"type":"branch","line":26,"loc":{"start":{"line":26,"column":0},"end":{"line":45,"column":1}},"locations":[{"start":{"line":26,"column":0},"end":{"line":45,"column":1}}]},"4":{"type":"branch","line":29,"loc":{"start":{"line":29,"column":7},"end":{"line":29,"column":30}},"locations":[{"start":{"line":29,"column":7},"end":{"line":29,"column":30}}]},"5":{"type":"branch","line":29,"loc":{"start":{"line":29,"column":42},"end":{"line":29,"column":54}},"locations":[{"start":{"line":29,"column":42},"end":{"line":29,"column":54}}]},"6":{"type":"branch","line":29,"loc":{"start":{"line":29,"column":49},"end":{"line":32,"column":19}},"locations":[{"start":{"line":29,"column":49},"end":{"line":32,"column":19}}]},"7":{"type":"branch","line":32,"loc":{"start":{"line":32,"column":12},"end":{"line":32,"column":24}},"locations":[{"start":{"line":32,"column":12},"end":{"line":32,"column":24}}]},"8":{"type":"branch","line":32,"loc":{"start":{"line":32,"column":19},"end":{"line":44,"column":26}},"locations":[{"start":{"line":32,"column":19},"end":{"line":44,"column":26}}]},"9":{"type":"branch","line":32,"loc":{"start":{"line":32,"column":19},"end":{"line":44,"column":18}},"locations":[{"start":{"line":32,"column":19},"end":{"line":44,"column":18}}]},"10":{"type":"branch","line":44,"loc":{"start":{"line":44,"column":9},"end":{"line":44,"column":26}},"locations":[{"start":{"line":44,"column":9},"end":{"line":44,"column":26}}]},"11":{"type":"branch","line":44,"loc":{"start":{"line":44,"column":18},"end":{"line":44,"column":31}},"locations":[{"start":{"line":44,"column":18},"end":{"line":44,"column":31}}]},"12":{"type":"branch","line":51,"loc":{"start":{"line":51,"column":0},"end":{"line":62,"column":1}},"locations":[{"start":{"line":51,"column":0},"end":{"line":62,"column":1}}]},"13":{"type":"branch","line":55,"loc":{"start":{"line":55,"column":13},"end":{"line":60,"column":3}},"locations":[{"start":{"line":55,"column":13},"end":{"line":60,"column":3}}]},"14":{"type":"branch","line":60,"loc":{"start":{"line":60,"column":2},"end":{"line":62,"column":1}},"locations":[{"start":{"line":60,"column":2},"end":{"line":62,"column":1}}]}},"b":{"0":[0],"1":[25],"2":[99],"3":[71],"4":[64],"5":[7],"6":[64],"7":[0],"8":[65],"9":[64],"10":[61],"11":[3],"12":[71],"13":[10],"14":[61]},"fnMap":{"0":{"name":"generateToken","decl":{"start":{"line":14,"column":7},"end":{"line":16,"column":1}},"loc":{"start":{"line":14,"column":7},"end":{"line":16,"column":1}},"line":14},"1":{"name":"hashToken","decl":{"start":{"line":18,"column":7},"end":{"line":20,"column":1}},"loc":{"start":{"line":18,"column":7},"end":{"line":20,"column":1}},"line":18},"2":{"name":"getSessionUser","decl":{"start":{"line":26,"column":0},"end":{"line":45,"column":1}},"loc":{"start":{"line":26,"column":0},"end":{"line":45,"column":1}},"line":26},"3":{"name":"requireAuth","decl":{"start":{"line":51,"column":0},"end":{"line":62,"column":1}},"loc":{"start":{"line":51,"column":0},"end":{"line":62,"column":1}},"line":51}},"f":{"0":25,"1":99,"2":71,"3":71}}
[...]
,"/Users/sathishmahamuni/ClaudeWorkspace/ai-dev-certification-exercises/Dev-Pulse/tests/unit/middleware.test.ts": {"path":"/Users/sathishmahamuni/ClaudeWorkspace/ai-dev-certification-exercises/Dev-Pulse/tests/unit/middleware.test.ts","all":false,"statementMap":{"0":{"start":{"line":1,"column":0},"end":{"line":1,"column":46}},"1":{"start":{"line":2,"column":0},"end":{"line":2,"column":42}},"2":{"start":{"line":3,"column":0},"end":{"line":3,"column":42}},"4":{"start":{"line":5,"column":0},"end":{"line":5,"column":21}},"5":{"start":{"line":6,"column":0},"end":{"line":6,"column":19}},"6":{"start":{"line":7,"column":0},"end":{"line":7,"column":56}},"7":{"start":{"line":8,"column":0},"end":{"line":8,"column":16}},"8":{"start":{"line":9,"column":0},"end":{"line":9,"column":45}},"9":{"start":{"line":10,"column":0},"end":{"line":10,"column":72}},"10":{"start":{"line":11,"column":0},"end":{"line":11,"column":51}},"11":{"start":{"line":12,"column":0},"end":{"line":12,"column":69}},"12":{"start":{"line":13,"column":0},"end":{"line":13,"column":1}},"15":{"start":{"line":16,"column":0},"end":{"line":16,"column":45}},"16":{"start":{"line":17,"column":0},"end":{"line":17,"column":46}},"17":{"start":{"line":18,"column":0},"end":{"line":18,"column":1}},"19":{"start":{"line":20,"column":0},"end":{"line":20,"column":63}},"20":{"start":{"line":21,"column":0},"end":{"line":21,"column":67}},"21":{"start":{"line":22,"column":0},"end":{"line":22,"column":50}},"22":{"start":{"line":23,"column":0},"end":{"line":23,"column":40}},"23":{"start":{"line":24,"column":0},"end":{"line":24,"column":5}},"25":{"start":{"line":26,"column":0},"end":{"line":26,"column":70}},"26":{"start":{"line":27,"column":0},"end":{"line":27,"column":53}},"27":{"start":{"line":28,"column":0},"end":{"line":28,"column":40}},"28":{"start":{"line":29,"column":0},"end":{"line":29,"column":5}},"30":{"start":{"line":31,"column":0},"end":{"line":31,"column":86}},"31":{"start":{"line":32,"column":0},"end":{"line":32,"column":89}},"32":{"start":{"line":33,"column":0},"end":{"line":33,"column":33}},"33":{"start":{"line":34,"column":0},"end":{"line":34,"column":64}},"34":{"start":{"line":35,"column":0},"end":{"line":35,"column":5}},"36":{"start":{"line":37,"column":0},"end":{"line":37,"column":79}},"37":{"start":{"line":38,"column":0},"end":{"line":38,"column":27}},"38":{"start":{"line":39,"column":0},"end":{"line":39,"column":67}},"39":{"start":{"line":40,"column":0},"end":{"line":40,"column":6}},"40":{"start":{"line":41,"column":0},"end":{"line":41,"column":33}},"41":{"start":{"line":42,"column":0},"end":{"line":42,"column":64}},"42":{"start":{"line":43,"column":0},"end":{"line":43,"column":5}},"44":{"start":{"line":45,"column":0},"end":{"line":45,"column":73}},"45":{"start":{"line":46,"column":0},"end":{"line":46,"column":27}},"46":{"start":{"line":47,"column":0},"end":{"line":47,"column":63}},"47":{"start":{"line":48,"column":0},"end":{"line":48,"column":6}},"48":{"start":{"line":49,"column":0},"end":{"line":49,"column":33}},"49":{"start":{"line":50,"column":0},"end":{"line":50,"column":64}},"50":{"start":{"line":51,"column":0},"end":{"line":51,"column":5}},"51":{"start":{"line":52,"column":0},"end":{"line":52,"column":3}},"53":{"start":{"line":54,"column":0},"end":{"line":54,"column":70}},"54":{"start":{"line":55,"column":0},"end":{"line":55,"column":79}},"55":{"start":{"line":56,"column":0},"end":{"line":56,"column":54}},"56":{"start":{"line":57,"column":0},"end":{"line":57,"column":33}},"57":{"start":{"line":58,"column":0},"end":{"line":58,"column":50}},"58":{"start":{"line":59,"column":0},"end":{"line":59,"column":36}},"59":{"start":{"line":60,"column":0},"end":{"line":60,"column":35}},"60":{"start":{"line":61,"column":0},"end":{"line":61,"column":42}},"61":{"start":{"line":62,"column":0},"end":{"line":62,"column":5}},"63":{"start":{"line":64,"column":0},"end":{"line":64,"column":84}},"64":{"start":{"line":65,"column":0},"end":{"line":65,"column":54}},"65":{"start":{"line":66,"column":0},"end":{"line":66,"column":33}},"66":{"start":{"line":67,"column":0},"end":{"line":67,"column":50}},"67":{"start":{"line":68,"column":0},"end":{"line":68,"column":36}},"68":{"start":{"line":69,"column":0},"end":{"line":69,"column":65}},"69":{"start":{"line":70,"column":0},"end":{"line":70,"column":5}},"71":{"start":{"line":72,"column":0},"end":{"line":72,"column":55}},"72":{"start":{"line":73,"column":0},"end":{"line":73,"column":27}},"73":{"start":{"line":74,"column":0},"end":{"line":74,"column":64}},"74":{"start":{"line":75,"column":0},"end":{"line":75,"column":6}},"75":{"start":{"line":76,"column":0},"end":{"line":76,"column":40}},"76":{"start":{"line":77,"column":0},"end":{"line":77,"column":5}},"78":{"start":{"line":79,"column":0},"end":{"line":79,"column":69}},"79":{"start":{"line":80,"column":0},"end":{"line":80,"column":27}},"80":{"start":{"line":81,"column":0},"end":{"line":81,"column":65}},"81":{"start":{"line":82,"column":0},"end":{"line":82,"column":6}},"82":{"start":{"line":83,"column":0},"end":{"line":83,"column":40}},"83":{"start":{"line":84,"column":0},"end":{"line":84,"column":5}},"84":{"start":{"line":85,"column":0},"end":{"line":85,"column":3}},"86":{"start":{"line":87,"column":0},"end":{"line":87,"column":48}},"87":{"start":{"line":88,"column":0},"end":{"line":88,"column":63}},"88":{"start":{"line":89,"column":0},"end":{"line":89,"column":59}},"89":{"start":{"line":90,"column":0},"end":{"line":90,"column":40}},"90":{"start":{"line":91,"column":0},"end":{"line":91,"column":5}},"92":{"start":{"line":93,"column":0},"end":{"line":93,"column":40}},"93":{"start":{"line":94,"column":0},"end":{"line":94,"column":45}},"94":{"start":{"line":95,"column":0},"end":{"line":95,"column":40}},"95":{"start":{"line":96,"column":0},"end":{"line":96,"column":5}},"96":{"start":{"line":97,"column":0},"end":{"line":97,"column":3}}},"s":{"0":1,"1":1,"2":1,"4":11,"5":11,"6":11,"7":11,"8":11,"9":11,"10":11,"11":11,"12":11,"15":6,"16":6,"17":6,"19":1,"20":1,"21":1,"22":1,"23":1,"25":1,"26":1,"27":1,"28":1,"30":1,"31":1,"32":1,"33":1,"34":1,"36":1,"37":1,"38":1,"39":1,"40":1,"41":1,"42":1,"44":1,"45":1,"46":1,"47":1,"48":1,"49":1,"50":1,"51":1,"53":1,"54":1,"55":1,"56":1,"57":1,"58":1,"59":1,"60":1,"61":1,"63":1,"64":1,"65":1,"66":1,"67":1,"68":1,"69":1,"71":1,"72":1,"73":1,"74":1,"75":1,"76":1,"78":1,"79":1,"80":1,"81":1,"82":1,"83":1,"84":1,"86":1,"87":1,"88":1,"89":1,"90":1,"92":1,"93":1,"94":1,"95":1,"96":1},"branchMap":{"0":{"type":"branch","line":5,"loc":{"start":{"line":5,"column":0},"end":{"line":13,"column":1}},"locations":[{"start":{"line":5,"column":0},"end":{"line":13,"column":1}}]},"1":{"type":"branch","line":10,"loc":{"start":{"line":10,"column":26},"end":{"line":10,"column":72}},"locations":[{"start":{"line":10,"column":26},"end":{"line":10,"column":72}}]},"2":{"type":"branch","line":11,"loc":{"start":{"line":11,"column":19},"end":{"line":11,"column":51}},"locations":[{"start":{"line":11,"column":19},"end":{"line":11,"column":51}}]},"3":{"type":"branch","line":16,"loc":{"start":{"line":16,"column":0},"end":{"line":18,"column":1}},"locations":[{"start":{"line":16,"column":0},"end":{"line":18,"column":1}}]},"4":{"type":"branch","line":20,"loc":{"start":{"line":20,"column":56},"end":{"line":52,"column":3}},"locations":[{"start":{"line":20,"column":56},"end":{"line":52,"column":3}}]},"5":{"type":"branch","line":21,"loc":{"start":{"line":21,"column":60},"end":{"line":24,"column":3}},"locations":[{"start":{"line":21,"column":60},"end":{"line":24,"column":3}}]},"6":{"type":"branch","line":26,"loc":{"start":{"line":26,"column":63},"end":{"line":29,"column":3}},"locations":[{"start":{"line":26,"column":63},"end":{"line":29,"column":3}}]},"7":{"type":"branch","line":31,"loc":{"start":{"line":31,"column":79},"end":{"line":35,"column":3}},"locations":[{"start":{"line":31,"column":79},"end":{"line":35,"column":3}}]},"8":{"type":"branch","line":37,"loc":{"start":{"line":37,"column":72},"end":{"line":43,"column":3}},"locations":[{"start":{"line":37,"column":72},"end":{"line":43,"column":3}}]},"9":{"type":"branch","line":45,"loc":{"start":{"line":45,"column":66},"end":{"line":51,"column":3}},"locations":[{"start":{"line":45,"column":66},"end":{"line":51,"column":3}}]},"10":{"type":"branch","line":54,"loc":{"start":{"line":54,"column":63},"end":{"line":85,"column":3}},"locations":[{"start":{"line":54,"column":63},"end":{"line":85,"column":3}}]},"11":{"type":"branch","line":55,"loc":{"start":{"line":55,"column":72},"end":{"line":62,"column":3}},"locations":[{"start":{"line":55,"column":72},"end":{"line":62,"column":3}}]},"12":{"type":"branch","line":58,"loc":{"start":{"line":58,"column":42},"end":{"line":58,"column":50}},"locations":[{"start":{"line":58,"column":42},"end":{"line":58,"column":50}}]},"13":{"type":"branch","line":64,"loc":{"start":{"line":64,"column":77},"end":{"line":70,"column":3}},"locations":[{"start":{"line":64,"column":77},"end":{"line":70,"column":3}}]},"14":{"type":"branch","line":67,"loc":{"start":{"line":67,"column":42},"end":{"line":67,"column":50}},"locations":[{"start":{"line":67,"column":42},"end":{"line":67,"column":50}}]},"15":{"type":"branch","line":72,"loc":{"start":{"line":72,"column":48},"end":{"line":77,"column":3}},"locations":[{"start":{"line":72,"column":48},"end":{"line":77,"column":3}}]},"16":{"type":"branch","line":79,"loc":{"start":{"line":79,"column":62},"end":{"line":84,"column":3}},"locations":[{"start":{"line":79,"column":62},"end":{"line":84,"column":3}}]},"17":{"type":"branch","line":87,"loc":{"start":{"line":87,"column":41},"end":{"line":97,"column":3}},"locations":[{"start":{"line":87,"column":41},"end":{"line":97,"column":3}}]},"18":{"type":"branch","line":88,"loc":{"start":{"line":88,"column":56},"end":{"line":91,"column":3}},"locations":[{"start":{"line":88,"column":56},"end":{"line":91,"column":3}}]},"19":{"type":"branch","line":93,"loc":{"start":{"line":93,"column":33},"end":{"line":96,"column":3}},"locations":[{"start":{"line":93,"column":33},"end":{"line":96,"column":3}}]}},"b":{"0":[11],"1":[3],"2":[2],"3":[6],"4":[1],"5":[1],"6":[1],"7":[1],"8":[1],"9":[1],"10":[1],"11":[1],"12":[0],"13":[1],"14":[0],"15":[1],"16":[1],"17":[1],"18":[1],"19":[1]},"fnMap":{"0":{"name":"makeNextReq","decl":{"start":{"line":5,"column":0},"end":{"line":13,"column":1}},"loc":{"start":{"line":5,"column":0},"end":{"line":13,"column":1}},"line":5},"1":{"name":"isRedirect","decl":{"start":{"line":16,"column":0},"end":{"line":18,"column":1}},"loc":{"start":{"line":16,"column":0},"end":{"line":18,"column":1}},"line":16}},"f":{"0":11,"1":6}}
,"/Users/sathishmahamuni/ClaudeWorkspace/ai-dev-certification-exercises/Dev-Pulse/tests/unit/rate-limit.test.ts": {"path":"/Users/sathishmahamuni/ClaudeWorkspace/ai-dev-certification-exercises/Dev-Pulse/tests/unit/rate-limit.test.ts","all":false,"statementMap":{"0":{"start":{"line":1,"column":0},"end":{"line":1,"column":58}},"1":{"start":{"line":2,"column":0},"end":{"line":2,"column":84}},"3":{"start":{"line":4,"column":0},"end":{"line":4,"column":18}},"4":{"start":{"line":5,"column":0},"end":{"line":5,"column":24}},"5":{"start":{"line":6,"column":0},"end":{"line":6,"column":3}},"7":{"start":{"line":8,"column":0},"end":{"line":8,"column":34}},"8":{"start":{"line":9,"column":0},"end":{"line":9,"column":56}},"9":{"start":{"line":10,"column":0},"end":{"line":10,"column":84}},"10":{"start":{"line":11,"column":0},"end":{"line":11,"column":31}},"11":{"start":{"line":12,"column":0},"end":{"line":12,"column":34}},"12":{"start":{"line":13,"column":0},"end":{"line":13,"column":5}},"14":{"start":{"line":15,"column":0},"end":{"line":15,"column":58}},"15":{"start":{"line":16,"column":0},"end":{"line":16,"column":49}},"16":{"start":{"line":17,"column":0},"end":{"line":17,"column":49}},"17":{"start":{"line":18,"column":0},"end":{"line":18,"column":69}},"18":{"start":{"line":19,"column":0},"end":{"line":19,"column":31}},"19":{"start":{"line":20,"column":0},"end":{"line":20,"column":5}},"21":{"start":{"line":22,"column":0},"end":{"line":22,"column":84}},"22":{"start":{"line":23,"column":0},"end":{"line":23,"column":77}},"23":{"start":{"line":24,"column":0},"end":{"line":24,"column":84}},"24":{"start":{"line":25,"column":0},"end":{"line":25,"column":32}},"25":{"start":{"line":26,"column":0},"end":{"line":26,"column":45}},"26":{"start":{"line":27,"column":0},"end":{"line":27,"column":5}},"28":{"start":{"line":29,"column":0},"end":{"line":29,"column":59}},"29":{"start":{"line":30,"column":0},"end":{"line":30,"column":77}},"30":{"start":{"line":31,"column":0},"end":{"line":31,"column":69}},"31":{"start":{"line":32,"column":0},"end":{"line":32,"column":32}},"32":{"start":{"line":33,"column":0},"end":{"line":33,"column":5}},"34":{"start":{"line":35,"column":0},"end":{"line":35,"column":81}},"35":{"start":{"line":36,"column":0},"end":{"line":36,"column":78}},"36":{"start":{"line":37,"column":0},"end":{"line":37,"column":70}},"37":{"start":{"line":38,"column":0},"end":{"line":38,"column":77}},"38":{"start":{"line":39,"column":0},"end":{"line":39,"column":44}},"39":{"start":{"line":40,"column":0},"end":{"line":40,"column":47}},"40":{"start":{"line":41,"column":0},"end":{"line":41,"column":5}},"42":{"start":{"line":43,"column":0},"end":{"line":43,"column":79}},"43":{"start":{"line":44,"column":0},"end":{"line":44,"column":49}},"44":{"start":{"line":45,"column":0},"end":{"line":45,"column":61}},"45":{"start":{"line":46,"column":0},"end":{"line":46,"column":61}},"46":{"start":{"line":47,"column":0},"end":{"line":47,"column":36}},"47":{"start":{"line":48,"column":0},"end":{"line":48,"column":35}},"48":{"start":{"line":49,"column":0},"end":{"line":49,"column":5}},"50":{"start":{"line":51,"column":0},"end":{"line":51,"column":53}},"51":{"start":{"line":52,"column":0},"end":{"line":52,"column":62}},"52":{"start":{"line":53,"column":0},"end":{"line":53,"column":61}},"53":{"start":{"line":54,"column":0},"end":{"line":54,"column":39}},"55":{"start":{"line":56,"column":0},"end":{"line":56,"column":48}},"57":{"start":{"line":58,"column":0},"end":{"line":58,"column":60}},"58":{"start":{"line":59,"column":0},"end":{"line":59,"column":37}},"59":{"start":{"line":60,"column":0},"end":{"line":60,"column":5}},"60":{"start":{"line":61,"column":0},"end":{"line":61,"column":3}},"62":{"start":{"line":63,"column":0},"end":{"line":63,"column":31}},"63":{"start":{"line":64,"column":0},"end":{"line":64,"column":74}},"64":{"start":{"line":65,"column":0},"end":{"line":65,"column":49}},"65":{"start":{"line":66,"column":0},"end":{"line":66,"column":66}},"66":{"start":{"line":67,"column":0},"end":{"line":67,"column":7}},"67":{"start":{"line":68,"column":0},"end":{"line":68,"column":45}},"68":{"start":{"line":69,"column":0},"end":{"line":69,"column":5}},"70":{"start":{"line":71,"column":0},"end":{"line":71,"column":70}},"71":{"start":{"line":72,"column":0},"end":{"line":72,"column":49}},"72":{"start":{"line":73,"column":0},"end":{"line":73,"column":42}},"73":{"start":{"line":74,"column":0},"end":{"line":74,"column":7}},"74":{"start":{"line":75,"column":0},"end":{"line":75,"column":45}},"75":{"start":{"line":76,"column":0},"end":{"line":76,"column":5}},"77":{"start":{"line":78,"column":0},"end":{"line":78,"column":68}},"78":{"start":{"line":79,"column":0},"end":{"line":79,"column":48}},"79":{"start":{"line":80,"column":0},"end":{"line":80,"column":45}},"80":{"start":{"line":81,"column":0},"end":{"line":81,"column":5}},"82":{"start":{"line":83,"column":0},"end":{"line":83,"column":53}},"83":{"start":{"line":84,"column":0},"end":{"line":84,"column":49}},"84":{"start":{"line":85,"column":0},"end":{"line":85,"column":61}},"85":{"start":{"line":86,"column":0},"end":{"line":86,"column":7}},"86":{"start":{"line":87,"column":0},"end":{"line":87,"column":45}},"87":{"start":{"line":88,"column":0},"end":{"line":88,"column":5}},"88":{"start":{"line":89,"column":0},"end":{"line":89,"column":3}}},"s":{"0":1,"1":1,"3":1,"4":11,"5":11,"7":1,"8":1,"9":1,"10":1,"11":1,"12":1,"14":1,"15":1,"16":1,"17":1,"18":1,"19":1,"21":1,"22":1,"23":1,"24":1,"25":1,"26":1,"28":1,"29":1,"30":1,"31":1,"32":1,"34":1,"35":1,"36":1,"37":1,"38":1,"39":1,"40":1,"42":1,"43":1,"44":1,"45":1,"46":1,"47":1,"48":1,"50":1,"51":1,"52":1,"53":1,"55":1,"57":1,"58":1,"59":1,"60":1,"62":1,"63":1,"64":1,"65":1,"66":1,"67":1,"68":1,"70":1,"71":1,"72":1,"73":1,"74":1,"75":1,"77":1,"78":1,"79":1,"80":1,"82":1,"83":1,"84":1,"85":1,"86":1,"87":1,"88":1},"branchMap":{"0":{"type":"branch","line":4,"loc":{"start":{"line":4,"column":11},"end":{"line":6,"column":3}},"locations":[{"start":{"line":4,"column":11},"end":{"line":6,"column":3}}]},"1":{"type":"branch","line":8,"loc":{"start":{"line":8,"column":27},"end":{"line":61,"column":3}},"locations":[{"start":{"line":8,"column":27},"end":{"line":61,"column":3}}]},"2":{"type":"branch","line":9,"loc":{"start":{"line":9,"column":49},"end":{"line":13,"column":3}},"locations":[{"start":{"line":9,"column":49},"end":{"line":13,"column":3}}]},"3":{"type":"branch","line":15,"loc":{"start":{"line":15,"column":51},"end":{"line":20,"column":3}},"locations":[{"start":{"line":15,"column":51},"end":{"line":20,"column":3}}]},"4":{"type":"branch","line":22,"loc":{"start":{"line":22,"column":77},"end":{"line":27,"column":3}},"locations":[{"start":{"line":22,"column":77},"end":{"line":27,"column":3}}]},"5":{"type":"branch","line":23,"loc":{"start":{"line":23,"column":32},"end":{"line":23,"column":77}},"locations":[{"start":{"line":23,"column":32},"end":{"line":23,"column":77}}]},"6":{"type":"branch","line":29,"loc":{"start":{"line":29,"column":52},"end":{"line":33,"column":3}},"locations":[{"start":{"line":29,"column":52},"end":{"line":33,"column":3}}]},"7":{"type":"branch","line":30,"loc":{"start":{"line":30,"column":32},"end":{"line":30,"column":77}},"locations":[{"start":{"line":30,"column":32},"end":{"line":30,"column":77}}]},"8":{"type":"branch","line":35,"loc":{"start":{"line":35,"column":74},"end":{"line":41,"column":3}},"locations":[{"start":{"line":35,"column":74},"end":{"line":41,"column":3}}]},"9":{"type":"branch","line":36,"loc":{"start":{"line":36,"column":32},"end":{"line":36,"column":78}},"locations":[{"start":{"line":36,"column":32},"end":{"line":36,"column":78}}]},"10":{"type":"branch","line":43,"loc":{"start":{"line":43,"column":72},"end":{"line":49,"column":3}},"locations":[{"start":{"line":43,"column":72},"end":{"line":49,"column":3}}]},"11":{"type":"branch","line":51,"loc":{"start":{"line":51,"column":40},"end":{"line":60,"column":3}},"locations":[{"start":{"line":51,"column":40},"end":{"line":60,"column":3}}]},"12":{"type":"branch","line":56,"loc":{"start":{"line":56,"column":22},"end":{"line":56,"column":46}},"locations":[{"start":{"line":56,"column":22},"end":{"line":56,"column":46}}]},"13":{"type":"branch","line":63,"loc":{"start":{"line":63,"column":24},"end":{"line":89,"column":3}},"locations":[{"start":{"line":63,"column":24},"end":{"line":89,"column":3}}]},"14":{"type":"branch","line":64,"loc":{"start":{"line":64,"column":67},"end":{"line":69,"column":3}},"locations":[{"start":{"line":64,"column":67},"end":{"line":69,"column":3}}]},"15":{"type":"branch","line":71,"loc":{"start":{"line":71,"column":63},"end":{"line":76,"column":3}},"locations":[{"start":{"line":71,"column":63},"end":{"line":76,"column":3}}]},"16":{"type":"branch","line":78,"loc":{"start":{"line":78,"column":61},"end":{"line":81,"column":3}},"locations":[{"start":{"line":78,"column":61},"end":{"line":81,"column":3}}]},"17":{"type":"branch","line":83,"loc":{"start":{"line":83,"column":46},"end":{"line":88,"column":3}},"locations":[{"start":{"line":83,"column":46},"end":{"line":88,"column":3}}]}},"b":{"0":[11],"1":[1],"2":[1],"3":[1],"4":[1],"5":[3],"6":[1],"7":[4],"8":[1],"9":[3],"10":[1],"11":[1],"12":[1],"13":[1],"14":[1],"15":[1],"16":[1],"17":[1]},"fnMap":{},"f":{}}
}
